# JRE version: OpenJDK Runtime Environment (11.0.10) (build 11.0.10+0-b96-7249189)
# Java VM: OpenJDK 64-Bit Server VM (11.0.10+0-b96-7249189, mixed mode, tiered, compressed oops, g1 gc, windows-amd64)
Heap:
 garbage-first heap   total 647168K, used 191729K [0x0000000080000000, 0x0000000100000000)
  region size 1024K, 3 young (3072K), 3 survivors (3072K)
 Metaspace       used 156171K, capacity 160015K, committed 168524K, reserved 1196032K
  class space    used 18932K, capacity 20407K, committed 22656K, reserved 1048576K
GC Heap History (20 events):
Event: 6279.848 GC heap after
{Heap after GC invocations=167 (full 1):
 garbage-first heap   total 586752K, used 259171K [0x0000000080000000, 0x0000000100000000)
  region size 1024K, 13 young (13312K), 13 survivors (13312K)
 Metaspace       used 148086K, capacity 151656K, committed 168524K, reserved 1196032K
  class space    used 18075K, capacity 19488K, committed 22656K, reserved 1048576K
}
Event: 6282.045 GC heap before
{Heap before GC invocations=168 (full 1):
 garbage-first heap   total 586752K, used 325731K [0x0000000080000000, 0x0000000100000000)
  region size 1024K, 75 young (76800K), 13 survivors (13312K)
 Metaspace       used 148090K, capacity 151656K, committed 168524K, reserved 1196032K
  class space    used 18075K, capacity 19488K, committed 22656K, reserved 1048576K
}
Event: 6282.099 GC heap after
{Heap after GC invocations=169 (full 1):
 garbage-first heap   total 586752K, used 268835K [0x0000000080000000, 0x0000000100000000)
  region size 1024K, 6 young (6144K), 6 survivors (6144K)
 Metaspace       used 148090K, capacity 151656K, committed 168524K, reserved 1196032K
  class space    used 18075K, capacity 19488K, committed 22656K, reserved 1048576K
}
Event: 6282.443 GC heap before
{Heap before GC invocations=169 (full 1):
 garbage-first heap   total 586752K, used 297507K [0x0000000080000000, 0x0000000100000000)
  region size 1024K, 28 young (28672K), 6 survivors (6144K)
 Metaspace       used 148091K, capacity 151656K, committed 168524K, reserved 1196032K
  class space    used 18075K, capacity 19488K, committed 22656K, reserved 1048576K
}
Event: 6282.481 GC heap after
{Heap after GC invocations=170 (full 1):
 garbage-first heap   total 586752K, used 261219K [0x0000000080000000, 0x0000000100000000)
  region size 1024K, 4 young (4096K), 4 survivors (4096K)
 Metaspace       used 148091K, capacity 151656K, committed 168524K, reserved 1196032K
  class space    used 18075K, capacity 19488K, committed 22656K, reserved 1048576K
}
Event: 6282.544 GC heap before
{Heap before GC invocations=170 (full 1):
 garbage-first heap   total 586752K, used 285795K [0x0000000080000000, 0x0000000100000000)
  region size 1024K, 28 young (28672K), 4 survivors (4096K)
 Metaspace       used 148091K, capacity 151656K, committed 168524K, reserved 1196032K
  class space    used 18075K, capacity 19488K, committed 22656K, reserved 1048576K
}
Event: 6282.568 GC heap after
{Heap after GC invocations=171 (full 1):
 garbage-first heap   total 586752K, used 262170K [0x0000000080000000, 0x0000000100000000)
  region size 1024K, 4 young (4096K), 4 survivors (4096K)
 Metaspace       used 148091K, capacity 151656K, committed 168524K, reserved 1196032K
  class space    used 18075K, capacity 19488K, committed 22656K, reserved 1048576K
}
Event: 6282.572 GC heap before
{Heap before GC invocations=171 (full 1):
 garbage-first heap   total 586752K, used 264218K [0x0000000080000000, 0x0000000100000000)
  region size 1024K, 7 young (7168K), 4 survivors (4096K)
 Metaspace       used 148091K, capacity 151656K, committed 168524K, reserved 1196032K
  class space    used 18075K, capacity 19488K, committed 22656K, reserved 1048576K
}
Event: 6282.579 GC heap after
{Heap after GC invocations=172 (full 1):
 garbage-first heap   total 586752K, used 263020K [0x0000000080000000, 0x0000000100000000)
  region size 1024K, 5 young (5120K), 5 survivors (5120K)
 Metaspace       used 148091K, capacity 151656K, committed 168524K, reserved 1196032K
  class space    used 18075K, capacity 19488K, committed 22656K, reserved 1048576K
}
Event: 6285.320 GC heap before
{Heap before GC invocations=173 (full 1):
 garbage-first heap   total 586752K, used 399212K [0x0000000080000000, 0x0000000100000000)
  region size 1024K, 110 young (112640K), 5 survivors (5120K)
 Metaspace       used 148119K, capacity 151721K, committed 168524K, reserved 1196032K
  class space    used 18075K, capacity 19488K, committed 22656K, reserved 1048576K
}
Event: 6285.346 GC heap after
{Heap after GC invocations=174 (full 1):
 garbage-first heap   total 586752K, used 272470K [0x0000000080000000, 0x0000000100000000)
  region size 1024K, 14 young (14336K), 14 survivors (14336K)
 Metaspace       used 148119K, capacity 151721K, committed 168524K, reserved 1196032K
  class space    used 18075K, capacity 19488K, committed 22656K, reserved 1048576K
}
Event: 6285.407 GC heap before
{Heap before GC invocations=174 (full 1):
 garbage-first heap   total 586752K, used 286806K [0x0000000080000000, 0x0000000100000000)
  region size 1024K, 28 young (28672K), 14 survivors (14336K)
 Metaspace       used 148127K, capacity 151721K, committed 168524K, reserved 1196032K
  class space    used 18075K, capacity 19488K, committed 22656K, reserved 1048576K
}
Event: 6285.479 GC heap after
{Heap after GC invocations=175 (full 1):
 garbage-first heap   total 586752K, used 267733K [0x0000000080000000, 0x0000000100000000)
  region size 1024K, 3 young (3072K), 3 survivors (3072K)
 Metaspace       used 148127K, capacity 151721K, committed 168524K, reserved 1196032K
  class space    used 18075K, capacity 19488K, committed 22656K, reserved 1048576K
}
Event: 6296.152 GC heap before
{Heap before GC invocations=175 (full 1):
 garbage-first heap   total 586752K, used 359893K [0x0000000080000000, 0x0000000100000000)
  region size 1024K, 95 young (97280K), 3 survivors (3072K)
 Metaspace       used 148563K, capacity 152266K, committed 168524K, reserved 1196032K
  class space    used 18097K, capacity 19529K, committed 22656K, reserved 1048576K
}
Event: 6296.187 GC heap after
{Heap after GC invocations=176 (full 1):
 garbage-first heap   total 586752K, used 269616K [0x0000000080000000, 0x0000000100000000)
  region size 1024K, 5 young (5120K), 5 survivors (5120K)
 Metaspace       used 148563K, capacity 152266K, committed 168524K, reserved 1196032K
  class space    used 18097K, capacity 19529K, committed 22656K, reserved 1048576K
}
Event: 6300.901 GC heap before
{Heap before GC invocations=177 (full 1):
 garbage-first heap   total 586752K, used 313648K [0x0000000080000000, 0x0000000100000000)
  region size 1024K, 130 young (133120K), 5 survivors (5120K)
 Metaspace       used 155010K, capacity 158777K, committed 168524K, reserved 1196032K
  class space    used 18824K, capacity 20300K, committed 22656K, reserved 1048576K
}
Event: 6301.024 GC heap after
{Heap after GC invocations=178 (full 1):
 garbage-first heap   total 586752K, used 218723K [0x0000000080000000, 0x0000000100000000)
  region size 1024K, 17 young (17408K), 17 survivors (17408K)
 Metaspace       used 155010K, capacity 158777K, committed 168524K, reserved 1196032K
  class space    used 18824K, capacity 20300K, committed 22656K, reserved 1048576K
}
Event: 6301.401 GC heap before
{Heap before GC invocations=178 (full 1):
 garbage-first heap   total 586752K, used 229987K [0x0000000080000000, 0x0000000100000000)
  region size 1024K, 28 young (28672K), 17 survivors (17408K)
 Metaspace       used 156064K, capacity 159847K, committed 168524K, reserved 1196032K
  class space    used 18928K, capacity 20400K, committed 22656K, reserved 1048576K
}
Event: 6301.505 GC heap after
{Heap after GC invocations=179 (full 1):
 garbage-first heap   total 586752K, used 193635K [0x0000000080000000, 0x0000000100000000)
  region size 1024K, 3 young (3072K), 3 survivors (3072K)
 Metaspace       used 156064K, capacity 159847K, committed 168524K, reserved 1196032K
  class space    used 18928K, capacity 20400K, committed 22656K, reserved 1048576K
}
Event: 6309.722 GC heap before
{Heap before GC invocations=179 (full 1):
 garbage-first heap   total 586752K, used 306275K [0x0000000080000000, 0x0000000100000000)
  region size 1024K, 114 young (116736K), 3 survivors (3072K)
 Metaspace       used 156171K, capacity 160015K, committed 168524K, reserved 1196032K
  class space    used 18932K, capacity 20407K, committed 22656K, reserved 1048576K
}

