# JRE version: OpenJDK Runtime Environment (11.0.10) (build 11.0.10+0-b96-7249189)
# Java VM: OpenJDK 64-Bit Server VM (11.0.10+0-b96-7249189, mixed mode, tiered, compressed oops, g1 gc, windows-amd64)
Heap:
 garbage-first heap   total 681984K, used 270848K [0x0000000080000000, 0x0000000100000000)
  region size 1024K, 5 young (5120K), 5 survivors (5120K)
 Metaspace       used 99678K, capacity 102158K, committed 102396K, reserved 1138688K
  class space    used 13016K, capacity 13931K, committed 13952K, reserved 1048576K
GC Heap History (20 events):
Event: 26.271 GC heap after
{Heap after GC invocations=29 (full 0):
 garbage-first heap   total 209920K, used 144378K [0x0000000080000000, 0x0000000100000000)
  region size 1024K, 7 young (7168K), 7 survivors (7168K)
 Metaspace       used 94829K, capacity 97097K, committed 97404K, reserved 1134592K
  class space    used 12172K, capacity 12998K, committed 13056K, reserved 1048576K
}
Event: 26.334 GC heap before
{Heap before GC invocations=29 (full 0):
 garbage-first heap   total 209920K, used 151546K [0x0000000080000000, 0x0000000100000000)
  region size 1024K, 15 young (15360K), 7 survivors (7168K)
 Metaspace       used 94830K, capacity 97097K, committed 97404K, reserved 1134592K
  class space    used 12172K, capacity 12998K, committed 13056K, reserved 1048576K
}
Event: 26.373 GC heap after
{Heap after GC invocations=30 (full 0):
 garbage-first heap   total 251904K, used 148284K [0x0000000080000000, 0x0000000100000000)
  region size 1024K, 4 young (4096K), 4 survivors (4096K)
 Metaspace       used 94830K, capacity 97097K, committed 97404K, reserved 1134592K
  class space    used 12172K, capacity 12998K, committed 13056K, reserved 1048576K
}
Event: 26.932 GC heap before
{Heap before GC invocations=31 (full 0):
 garbage-first heap   total 251904K, used 154428K [0x0000000080000000, 0x0000000100000000)
  region size 1024K, 11 young (11264K), 4 survivors (4096K)
 Metaspace       used 94885K, capacity 97124K, committed 97404K, reserved 1134592K
  class space    used 12184K, capacity 13010K, committed 13056K, reserved 1048576K
}
Event: 26.947 GC heap after
{Heap after GC invocations=32 (full 0):
 garbage-first heap   total 251904K, used 152573K [0x0000000080000000, 0x0000000100000000)
  region size 1024K, 3 young (3072K), 3 survivors (3072K)
 Metaspace       used 94885K, capacity 97124K, committed 97404K, reserved 1134592K
  class space    used 12184K, capacity 13010K, committed 13056K, reserved 1048576K
}
Event: 27.181 GC heap before
{Heap before GC invocations=32 (full 0):
 garbage-first heap   total 251904K, used 192509K [0x0000000080000000, 0x0000000100000000)
  region size 1024K, 38 young (38912K), 3 survivors (3072K)
 Metaspace       used 94910K, capacity 97191K, committed 97404K, reserved 1134592K
  class space    used 12187K, capacity 13011K, committed 13056K, reserved 1048576K
}
Event: 27.234 GC heap after
{Heap after GC invocations=33 (full 0):
 garbage-first heap   total 251904K, used 171779K [0x0000000080000000, 0x0000000100000000)
  region size 1024K, 5 young (5120K), 5 survivors (5120K)
 Metaspace       used 94910K, capacity 97191K, committed 97404K, reserved 1134592K
  class space    used 12187K, capacity 13011K, committed 13056K, reserved 1048576K
}
Event: 27.947 GC heap before
{Heap before GC invocations=34 (full 0):
 garbage-first heap   total 251904K, used 197379K [0x0000000080000000, 0x0000000100000000)
  region size 1024K, 31 young (31744K), 5 survivors (5120K)
 Metaspace       used 97180K, capacity 99452K, committed 99708K, reserved 1136640K
  class space    used 12656K, capacity 13486K, committed 13568K, reserved 1048576K
}
Event: 27.983 GC heap after
{Heap after GC invocations=35 (full 0):
 garbage-first heap   total 251904K, used 183296K [0x0000000080000000, 0x0000000100000000)
  region size 1024K, 4 young (4096K), 4 survivors (4096K)
 Metaspace       used 97180K, capacity 99452K, committed 99708K, reserved 1136640K
  class space    used 12656K, capacity 13486K, committed 13568K, reserved 1048576K
}
Event: 28.135 GC heap before
{Heap before GC invocations=35 (full 0):
 garbage-first heap   total 251904K, used 203776K [0x0000000080000000, 0x0000000100000000)
  region size 1024K, 24 young (24576K), 4 survivors (4096K)
 Metaspace       used 97247K, capacity 99516K, committed 99708K, reserved 1136640K
  class space    used 12656K, capacity 13486K, committed 13568K, reserved 1048576K
}
Event: 28.159 GC heap after
{Heap after GC invocations=36 (full 0):
 garbage-first heap   total 251904K, used 194048K [0x0000000080000000, 0x0000000100000000)
  region size 1024K, 3 young (3072K), 3 survivors (3072K)
 Metaspace       used 97247K, capacity 99516K, committed 99708K, reserved 1136640K
  class space    used 12656K, capacity 13486K, committed 13568K, reserved 1048576K
}
Event: 28.594 GC heap before
{Heap before GC invocations=36 (full 0):
 garbage-first heap   total 251904K, used 208384K [0x0000000080000000, 0x0000000100000000)
  region size 1024K, 17 young (17408K), 3 survivors (3072K)
 Metaspace       used 97258K, capacity 99580K, committed 99708K, reserved 1136640K
  class space    used 12656K, capacity 13486K, committed 13568K, reserved 1048576K
}
Event: 28.622 GC heap after
{Heap after GC invocations=37 (full 0):
 garbage-first heap   total 375808K, used 202240K [0x0000000080000000, 0x0000000100000000)
  region size 1024K, 3 young (3072K), 3 survivors (3072K)
 Metaspace       used 97258K, capacity 99580K, committed 99708K, reserved 1136640K
  class space    used 12656K, capacity 13486K, committed 13568K, reserved 1048576K
}
Event: 29.588 GC heap before
{Heap before GC invocations=38 (full 0):
 garbage-first heap   total 375808K, used 251392K [0x0000000080000000, 0x0000000100000000)
  region size 1024K, 54 young (55296K), 3 survivors (3072K)
 Metaspace       used 97270K, capacity 99583K, committed 99708K, reserved 1136640K
  class space    used 12656K, capacity 13486K, committed 13568K, reserved 1048576K
}
Event: 29.679 GC heap after
{Heap after GC invocations=39 (full 0):
 garbage-first heap   total 375808K, used 227725K [0x0000000080000000, 0x0000000100000000)
  region size 1024K, 7 young (7168K), 7 survivors (7168K)
 Metaspace       used 97270K, capacity 99583K, committed 99708K, reserved 1136640K
  class space    used 12656K, capacity 13486K, committed 13568K, reserved 1048576K
}
Event: 30.413 GC heap before
{Heap before GC invocations=39 (full 0):
 garbage-first heap   total 375808K, used 271757K [0x0000000080000000, 0x0000000100000000)
  region size 1024K, 51 young (52224K), 7 survivors (7168K)
 Metaspace       used 97332K, capacity 99661K, committed 99964K, reserved 1136640K
  class space    used 12665K, capacity 13491K, committed 13568K, reserved 1048576K
}
Event: 30.465 GC heap after
{Heap after GC invocations=40 (full 0):
 garbage-first heap   total 375808K, used 251392K [0x0000000080000000, 0x0000000100000000)
  region size 1024K, 7 young (7168K), 7 survivors (7168K)
 Metaspace       used 97332K, capacity 99661K, committed 99964K, reserved 1136640K
  class space    used 12665K, capacity 13491K, committed 13568K, reserved 1048576K
}
Event: 31.931 GC heap before
{Heap before GC invocations=41 (full 0):
 garbage-first heap   total 375808K, used 288256K [0x0000000080000000, 0x0000000100000000)
  region size 1024K, 43 young (44032K), 7 survivors (7168K)
 Metaspace       used 99099K, capacity 101461K, committed 101756K, reserved 1136640K
  class space    used 12919K, capacity 13784K, committed 13824K, reserved 1048576K
}
Event: 31.966 GC heap after
{Heap after GC invocations=42 (full 0):
 garbage-first heap   total 375808K, used 264704K [0x0000000080000000, 0x0000000100000000)
  region size 1024K, 6 young (6144K), 6 survivors (6144K)
 Metaspace       used 99099K, capacity 101461K, committed 101756K, reserved 1136640K
  class space    used 12919K, capacity 13784K, committed 13824K, reserved 1048576K
}
Event: 32.358 GC heap before
{Heap before GC invocations=42 (full 0):
 garbage-first heap   total 375808K, used 296448K [0x0000000080000000, 0x0000000100000000)
  region size 1024K, 38 young (38912K), 6 survivors (6144K)
 Metaspace       used 99678K, capacity 102158K, committed 102396K, reserved 1138688K
  class space    used 13016K, capacity 13931K, committed 13952K, reserved 1048576K
}

