# JRE version: OpenJDK Runtime Environment (11.0.10) (build 11.0.10+0-b96-7249189)
# Java VM: OpenJDK 64-Bit Server VM (11.0.10+0-b96-7249189, mixed mode, tiered, compressed oops, g1 gc, windows-amd64)
Heap:
 garbage-first heap   total 567296K, used 212480K [0x0000000080000000, 0x0000000100000000)
  region size 1024K, 6 young (6144K), 6 survivors (6144K)
 Metaspace       used 129076K, capacity 132021K, committed 132464K, reserved 1165312K
  class space    used 16069K, capacity 17179K, committed 17408K, reserved 1048576K
GC Heap History (20 events):
Event: 47.320 GC heap after
{Heap after GC invocations=64 (full 0):
 garbage-first heap   total 227328K, used 116440K [0x0000000080000000, 0x0000000100000000)
  region size 1024K, 4 young (4096K), 4 survivors (4096K)
 Metaspace       used 126359K, capacity 129254K, committed 129904K, reserved 1163264K
  class space    used 15765K, capacity 16868K, committed 17152K, reserved 1048576K
}
Event: 47.353 GC heap before
{Heap before GC invocations=64 (full 0):
 garbage-first heap   total 227328K, used 123608K [0x0000000080000000, 0x0000000100000000)
  region size 1024K, 11 young (11264K), 4 survivors (4096K)
 Metaspace       used 126361K, capacity 129254K, committed 129904K, reserved 1163264K
  class space    used 15765K, capacity 16868K, committed 17152K, reserved 1048576K
}
Event: 47.369 GC heap after
{Heap after GC invocations=65 (full 0):
 garbage-first heap   total 227328K, used 115349K [0x0000000080000000, 0x0000000100000000)
  region size 1024K, 2 young (2048K), 2 survivors (2048K)
 Metaspace       used 126361K, capacity 129254K, committed 129904K, reserved 1163264K
  class space    used 15765K, capacity 16868K, committed 17152K, reserved 1048576K
}
Event: 48.148 GC heap before
{Heap before GC invocations=65 (full 0):
 garbage-first heap   total 227328K, used 180885K [0x0000000080000000, 0x0000000100000000)
  region size 1024K, 66 young (67584K), 2 survivors (2048K)
 Metaspace       used 126464K, capacity 129356K, committed 129904K, reserved 1163264K
  class space    used 15768K, capacity 16873K, committed 17152K, reserved 1048576K
}
Event: 48.152 GC heap after
{Heap after GC invocations=66 (full 0):
 garbage-first heap   total 227328K, used 114785K [0x0000000080000000, 0x0000000100000000)
  region size 1024K, 1 young (1024K), 1 survivors (1024K)
 Metaspace       used 126464K, capacity 129356K, committed 129904K, reserved 1163264K
  class space    used 15768K, capacity 16873K, committed 17152K, reserved 1048576K
}
Event: 48.607 GC heap before
{Heap before GC invocations=66 (full 0):
 garbage-first heap   total 227328K, used 183393K [0x0000000080000000, 0x0000000100000000)
  region size 1024K, 68 young (69632K), 1 survivors (1024K)
 Metaspace       used 126487K, capacity 129379K, committed 129904K, reserved 1163264K
  class space    used 15773K, capacity 16881K, committed 17152K, reserved 1048576K
}
Event: 48.610 GC heap after
{Heap after GC invocations=67 (full 0):
 garbage-first heap   total 227328K, used 114948K [0x0000000080000000, 0x0000000100000000)
  region size 1024K, 1 young (1024K), 1 survivors (1024K)
 Metaspace       used 126487K, capacity 129379K, committed 129904K, reserved 1163264K
  class space    used 15773K, capacity 16881K, committed 17152K, reserved 1048576K
}
Event: 49.041 GC heap before
{Heap before GC invocations=67 (full 0):
 garbage-first heap   total 227328K, used 185604K [0x0000000080000000, 0x0000000100000000)
  region size 1024K, 70 young (71680K), 1 survivors (1024K)
 Metaspace       used 126979K, capacity 129895K, committed 130416K, reserved 1163264K
  class space    used 15832K, capacity 16946K, committed 17152K, reserved 1048576K
}
Event: 49.049 GC heap after
{Heap after GC invocations=68 (full 0):
 garbage-first heap   total 227328K, used 119029K [0x0000000080000000, 0x0000000100000000)
  region size 1024K, 5 young (5120K), 5 survivors (5120K)
 Metaspace       used 126979K, capacity 129895K, committed 130416K, reserved 1163264K
  class space    used 15832K, capacity 16946K, committed 17152K, reserved 1048576K
}
Event: 49.402 GC heap before
{Heap before GC invocations=68 (full 0):
 garbage-first heap   total 227328K, used 187637K [0x0000000080000000, 0x0000000100000000)
  region size 1024K, 72 young (73728K), 5 survivors (5120K)
 Metaspace       used 127286K, capacity 130281K, committed 130800K, reserved 1163264K
  class space    used 15851K, capacity 16983K, committed 17280K, reserved 1048576K
}
Event: 49.413 GC heap after
{Heap after GC invocations=69 (full 0):
 garbage-first heap   total 273408K, used 119090K [0x0000000080000000, 0x0000000100000000)
  region size 1024K, 5 young (5120K), 5 survivors (5120K)
 Metaspace       used 127286K, capacity 130281K, committed 130800K, reserved 1163264K
  class space    used 15851K, capacity 16983K, committed 17280K, reserved 1048576K
}
Event: 49.799 GC heap before
{Heap before GC invocations=69 (full 0):
 garbage-first heap   total 273408K, used 204082K [0x0000000080000000, 0x0000000100000000)
  region size 1024K, 89 young (91136K), 5 survivors (5120K)
 Metaspace       used 127357K, capacity 130363K, committed 131056K, reserved 1163264K
  class space    used 15853K, capacity 16985K, committed 17280K, reserved 1048576K
}
Event: 49.806 GC heap after
{Heap after GC invocations=70 (full 0):
 garbage-first heap   total 273408K, used 118526K [0x0000000080000000, 0x0000000100000000)
  region size 1024K, 5 young (5120K), 5 survivors (5120K)
 Metaspace       used 127357K, capacity 130363K, committed 131056K, reserved 1163264K
  class space    used 15853K, capacity 16985K, committed 17280K, reserved 1048576K
}
Event: 51.120 GC heap before
{Heap before GC invocations=70 (full 0):
 garbage-first heap   total 273408K, used 212734K [0x0000000080000000, 0x0000000100000000)
  region size 1024K, 69 young (70656K), 5 survivors (5120K)
 Metaspace       used 128379K, capacity 131239K, committed 131568K, reserved 1163264K
  class space    used 15981K, capacity 17094K, committed 17280K, reserved 1048576K
}
Event: 51.139 GC heap after
{Heap after GC invocations=71 (full 0):
 garbage-first heap   total 273408K, used 149626K [0x0000000080000000, 0x0000000100000000)
  region size 1024K, 10 young (10240K), 10 survivors (10240K)
 Metaspace       used 128379K, capacity 131239K, committed 131568K, reserved 1163264K
  class space    used 15981K, capacity 17094K, committed 17280K, reserved 1048576K
}
Event: 51.860 GC heap before
{Heap before GC invocations=72 (full 0):
 garbage-first heap   total 273408K, used 249978K [0x0000000080000000, 0x0000000100000000)
  region size 1024K, 83 young (84992K), 10 survivors (10240K)
 Metaspace       used 128484K, capacity 131378K, committed 131824K, reserved 1163264K
  class space    used 15988K, capacity 17097K, committed 17280K, reserved 1048576K
}
Event: 51.984 GC heap after
{Heap after GC invocations=73 (full 0):
 garbage-first heap   total 287744K, used 188596K [0x0000000080000000, 0x0000000100000000)
  region size 1024K, 11 young (11264K), 11 survivors (11264K)
 Metaspace       used 128484K, capacity 131378K, committed 131824K, reserved 1163264K
  class space    used 15988K, capacity 17097K, committed 17280K, reserved 1048576K
}
Event: 52.012 GC heap before
{Heap before GC invocations=73 (full 0):
 garbage-first heap   total 287744K, used 190644K [0x0000000080000000, 0x0000000100000000)
  region size 1024K, 14 young (14336K), 11 survivors (11264K)
 Metaspace       used 128484K, capacity 131378K, committed 131824K, reserved 1163264K
  class space    used 15988K, capacity 17097K, committed 17280K, reserved 1048576K
}
Event: 52.079 GC heap after
{Heap after GC invocations=74 (full 0):
 garbage-first heap   total 287744K, used 188275K [0x0000000080000000, 0x0000000100000000)
  region size 1024K, 2 young (2048K), 2 survivors (2048K)
 Metaspace       used 128484K, capacity 131378K, committed 131824K, reserved 1163264K
  class space    used 15988K, capacity 17097K, committed 17280K, reserved 1048576K
}
Event: 52.784 GC heap before
{Heap before GC invocations=74 (full 0):
 garbage-first heap   total 287744K, used 237427K [0x0000000080000000, 0x0000000100000000)
  region size 1024K, 47 young (48128K), 2 survivors (2048K)
 Metaspace       used 129076K, capacity 132021K, committed 132464K, reserved 1165312K
  class space    used 16069K, capacity 17179K, committed 17408K, reserved 1048576K
}

