# JRE version: OpenJDK Runtime Environment (11.0.10) (build 11.0.10+0-b96-7249189)
# Java VM: OpenJDK 64-Bit Server VM (11.0.10+0-b96-7249189, mixed mode, tiered, compressed oops, g1 gc, windows-amd64)
Heap:
 garbage-first heap   total 724992K, used 349236K [0x0000000080000000, 0x0000000100000000)
  region size 1024K, 4 young (4096K), 4 survivors (4096K)
 Metaspace       used 398067K, capacity 405629K, committed 405640K, reserved 1404928K
  class space    used 47319K, capacity 50041K, committed 50048K, reserved 1048576K
GC Heap History (20 events):
Event: 25764.604 GC heap after
{Heap after GC invocations=516 (full 1):
 garbage-first heap   total 368640K, used 281863K [0x0000000080000000, 0x0000000100000000)
  region size 1024K, 5 young (5120K), 5 survivors (5120K)
 Metaspace       used 397945K, capacity 405550K, committed 405640K, reserved 1404928K
  class space    used 47318K, capacity 50039K, committed 50048K, reserved 1048576K
}
Event: 25764.721 GC heap before
{Heap before GC invocations=516 (full 1):
 garbage-first heap   total 368640K, used 305415K [0x0000000080000000, 0x0000000100000000)
  region size 1024K, 28 young (28672K), 5 survivors (5120K)
 Metaspace       used 397949K, capacity 405550K, committed 405640K, reserved 1404928K
  class space    used 47318K, capacity 50039K, committed 50048K, reserved 1048576K
}
Event: 25764.748 GC heap after
{Heap after GC invocations=517 (full 1):
 garbage-first heap   total 368640K, used 295175K [0x0000000080000000, 0x0000000100000000)
  region size 1024K, 4 young (4096K), 4 survivors (4096K)
 Metaspace       used 397949K, capacity 405550K, committed 405640K, reserved 1404928K
  class space    used 47318K, capacity 50039K, committed 50048K, reserved 1048576K
}
Event: 25764.834 GC heap before
{Heap before GC invocations=517 (full 1):
 garbage-first heap   total 368640K, used 309511K [0x0000000080000000, 0x0000000100000000)
  region size 1024K, 19 young (19456K), 4 survivors (4096K)
 Metaspace       used 397956K, capacity 405551K, committed 405640K, reserved 1404928K
  class space    used 47318K, capacity 50039K, committed 50048K, reserved 1048576K
}
Event: 25764.856 GC heap after
{Heap after GC invocations=518 (full 1):
 garbage-first heap   total 368640K, used 304903K [0x0000000080000000, 0x0000000100000000)
  region size 1024K, 3 young (3072K), 3 survivors (3072K)
 Metaspace       used 397956K, capacity 405551K, committed 405640K, reserved 1404928K
  class space    used 47318K, capacity 50039K, committed 50048K, reserved 1048576K
}
Event: 25764.953 GC heap before
{Heap before GC invocations=518 (full 1):
 garbage-first heap   total 368640K, used 320263K [0x0000000080000000, 0x0000000100000000)
  region size 1024K, 18 young (18432K), 3 survivors (3072K)
 Metaspace       used 397959K, capacity 405552K, committed 405640K, reserved 1404928K
  class space    used 47318K, capacity 50039K, committed 50048K, reserved 1048576K
}
Event: 25764.971 GC heap after
{Heap after GC invocations=519 (full 1):
 garbage-first heap   total 368640K, used 313607K [0x0000000080000000, 0x0000000100000000)
  region size 1024K, 3 young (3072K), 3 survivors (3072K)
 Metaspace       used 397959K, capacity 405552K, committed 405640K, reserved 1404928K
  class space    used 47318K, capacity 50039K, committed 50048K, reserved 1048576K
}
Event: 25765.096 GC heap before
{Heap before GC invocations=519 (full 1):
 garbage-first heap   total 368640K, used 327943K [0x0000000080000000, 0x0000000100000000)
  region size 1024K, 18 young (18432K), 3 survivors (3072K)
 Metaspace       used 398008K, capacity 405616K, committed 405640K, reserved 1404928K
  class space    used 47318K, capacity 50039K, committed 50048K, reserved 1048576K
}
Event: 25765.114 GC heap after
{Heap after GC invocations=520 (full 1):
 garbage-first heap   total 368640K, used 322735K [0x0000000080000000, 0x0000000100000000)
  region size 1024K, 3 young (3072K), 3 survivors (3072K)
 Metaspace       used 398008K, capacity 405616K, committed 405640K, reserved 1404928K
  class space    used 47318K, capacity 50039K, committed 50048K, reserved 1048576K
}
Event: 25765.261 GC heap before
{Heap before GC invocations=520 (full 1):
 garbage-first heap   total 368640K, used 338095K [0x0000000080000000, 0x0000000100000000)
  region size 1024K, 18 young (18432K), 3 survivors (3072K)
 Metaspace       used 398011K, capacity 405616K, committed 405640K, reserved 1404928K
  class space    used 47318K, capacity 50039K, committed 50048K, reserved 1048576K
}
Event: 25765.280 GC heap after
{Heap after GC invocations=521 (full 1):
 garbage-first heap   total 368640K, used 331313K [0x0000000080000000, 0x0000000100000000)
  region size 1024K, 3 young (3072K), 3 survivors (3072K)
 Metaspace       used 398011K, capacity 405616K, committed 405640K, reserved 1404928K
  class space    used 47318K, capacity 50039K, committed 50048K, reserved 1048576K
}
Event: 25765.508 GC heap before
{Heap before GC invocations=521 (full 1):
 garbage-first heap   total 368640K, used 343601K [0x0000000080000000, 0x0000000100000000)
  region size 1024K, 18 young (18432K), 3 survivors (3072K)
 Metaspace       used 398035K, capacity 405616K, committed 405640K, reserved 1404928K
  class space    used 47318K, capacity 50039K, committed 50048K, reserved 1048576K
}
Event: 25765.539 GC heap after
{Heap after GC invocations=522 (full 1):
 garbage-first heap   total 438272K, used 335571K [0x0000000080000000, 0x0000000100000000)
  region size 1024K, 3 young (3072K), 3 survivors (3072K)
 Metaspace       used 398035K, capacity 405616K, committed 405640K, reserved 1404928K
  class space    used 47318K, capacity 50039K, committed 50048K, reserved 1048576K
}
Event: 25765.769 GC heap before
{Heap before GC invocations=522 (full 1):
 garbage-first heap   total 438272K, used 362195K [0x0000000080000000, 0x0000000100000000)
  region size 1024K, 29 young (29696K), 3 survivors (3072K)
 Metaspace       used 398037K, capacity 405616K, committed 405640K, reserved 1404928K
  class space    used 47318K, capacity 50039K, committed 50048K, reserved 1048576K
}
Event: 25765.804 GC heap after
{Heap after GC invocations=523 (full 1):
 garbage-first heap   total 438272K, used 341333K [0x0000000080000000, 0x0000000100000000)
  region size 1024K, 4 young (4096K), 4 survivors (4096K)
 Metaspace       used 398037K, capacity 405616K, committed 405640K, reserved 1404928K
  class space    used 47318K, capacity 50039K, committed 50048K, reserved 1048576K
}
Event: 25766.078 GC heap before
{Heap before GC invocations=524 (full 1):
 garbage-first heap   total 438272K, used 364885K [0x0000000080000000, 0x0000000100000000)
  region size 1024K, 28 young (28672K), 4 survivors (4096K)
 Metaspace       used 398060K, capacity 405629K, committed 405640K, reserved 1404928K
  class space    used 47319K, capacity 50041K, committed 50048K, reserved 1048576K
}
Event: 25766.102 GC heap after
{Heap after GC invocations=525 (full 1):
 garbage-first heap   total 438272K, used 344839K [0x0000000080000000, 0x0000000100000000)
  region size 1024K, 3 young (3072K), 3 survivors (3072K)
 Metaspace       used 398060K, capacity 405629K, committed 405640K, reserved 1404928K
  class space    used 47319K, capacity 50041K, committed 50048K, reserved 1048576K
}
Event: 25766.347 GC heap before
{Heap before GC invocations=525 (full 1):
 garbage-first heap   total 438272K, used 363271K [0x0000000080000000, 0x0000000100000000)
  region size 1024K, 21 young (21504K), 3 survivors (3072K)
 Metaspace       used 398064K, capacity 405629K, committed 405640K, reserved 1404928K
  class space    used 47319K, capacity 50041K, committed 50048K, reserved 1048576K
}
Event: 25766.361 GC heap after
{Heap after GC invocations=526 (full 1):
 garbage-first heap   total 438272K, used 346073K [0x0000000080000000, 0x0000000100000000)
  region size 1024K, 3 young (3072K), 3 survivors (3072K)
 Metaspace       used 398064K, capacity 405629K, committed 405640K, reserved 1404928K
  class space    used 47319K, capacity 50041K, committed 50048K, reserved 1048576K
}
Event: 25766.749 GC heap before
{Heap before GC invocations=526 (full 1):
 garbage-first heap   total 438272K, used 370649K [0x0000000080000000, 0x0000000100000000)
  region size 1024K, 27 young (27648K), 3 survivors (3072K)
 Metaspace       used 398067K, capacity 405629K, committed 405640K, reserved 1404928K
  class space    used 47319K, capacity 50041K, committed 50048K, reserved 1048576K
}

