# JRE version: OpenJDK Runtime Environment (11.0.10) (build 11.0.10+0-b96-7249189)
# Java VM: OpenJDK 64-Bit Server VM (11.0.10+0-b96-7249189, mixed mode, tiered, compressed oops, g1 gc, windows-amd64)
Heap:
 garbage-first heap   total 605184K, used 220160K [0x0000000080000000, 0x0000000100000000)
  region size 1024K, 2 young (2048K), 2 survivors (2048K)
 Metaspace       used 127323K, capacity 130978K, committed 131328K, reserved 1163264K
  class space    used 16154K, capacity 17493K, committed 17664K, reserved 1048576K
GC Heap History (20 events):
Event: 92.328 GC heap after
{Heap after GC invocations=61 (full 0):
 garbage-first heap   total 227328K, used 142864K [0x0000000080000000, 0x0000000100000000)
  region size 1024K, 6 young (6144K), 6 survivors (6144K)
 Metaspace       used 125619K, capacity 129219K, committed 129664K, reserved 1161216K
  class space    used 15984K, capacity 17311K, committed 17536K, reserved 1048576K
}
Event: 92.481 GC heap before
{Heap before GC invocations=61 (full 0):
 garbage-first heap   total 227328K, used 186896K [0x0000000080000000, 0x0000000100000000)
  region size 1024K, 49 young (50176K), 6 survivors (6144K)
 Metaspace       used 125644K, capacity 129287K, committed 129920K, reserved 1161216K
  class space    used 15987K, capacity 17311K, committed 17536K, reserved 1048576K
}
Event: 92.583 GC heap after
{Heap after GC invocations=62 (full 0):
 garbage-first heap   total 273408K, used 143995K [0x0000000080000000, 0x0000000100000000)
  region size 1024K, 2 young (2048K), 2 survivors (2048K)
 Metaspace       used 125644K, capacity 129287K, committed 129920K, reserved 1161216K
  class space    used 15987K, capacity 17311K, committed 17536K, reserved 1048576K
}
Event: 93.311 GC heap before
{Heap before GC invocations=62 (full 0):
 garbage-first heap   total 273408K, used 206459K [0x0000000080000000, 0x0000000100000000)
  region size 1024K, 63 young (64512K), 2 survivors (2048K)
 Metaspace       used 125735K, capacity 129386K, committed 129920K, reserved 1161216K
  class space    used 15990K, capacity 17316K, committed 17536K, reserved 1048576K
}
Event: 93.317 GC heap after
{Heap after GC invocations=63 (full 0):
 garbage-first heap   total 273408K, used 144394K [0x0000000080000000, 0x0000000100000000)
  region size 1024K, 3 young (3072K), 3 survivors (3072K)
 Metaspace       used 125735K, capacity 129386K, committed 129920K, reserved 1161216K
  class space    used 15990K, capacity 17316K, committed 17536K, reserved 1048576K
}
Event: 93.781 GC heap before
{Heap before GC invocations=63 (full 0):
 garbage-first heap   total 273408K, used 209930K [0x0000000080000000, 0x0000000100000000)
  region size 1024K, 67 young (68608K), 3 survivors (3072K)
 Metaspace       used 125752K, capacity 129388K, committed 129920K, reserved 1161216K
  class space    used 15990K, capacity 17316K, committed 17536K, reserved 1048576K
}
Event: 93.787 GC heap after
{Heap after GC invocations=64 (full 0):
 garbage-first heap   total 273408K, used 144687K [0x0000000080000000, 0x0000000100000000)
  region size 1024K, 3 young (3072K), 3 survivors (3072K)
 Metaspace       used 125752K, capacity 129388K, committed 129920K, reserved 1161216K
  class space    used 15990K, capacity 17316K, committed 17536K, reserved 1048576K
}
Event: 94.146 GC heap before
{Heap before GC invocations=64 (full 0):
 garbage-first heap   total 273408K, used 213295K [0x0000000080000000, 0x0000000100000000)
  region size 1024K, 70 young (71680K), 3 survivors (3072K)
 Metaspace       used 125777K, capacity 129411K, committed 129920K, reserved 1161216K
  class space    used 15994K, capacity 17324K, committed 17536K, reserved 1048576K
}
Event: 94.151 GC heap after
{Heap after GC invocations=65 (full 0):
 garbage-first heap   total 273408K, used 144856K [0x0000000080000000, 0x0000000100000000)
  region size 1024K, 3 young (3072K), 3 survivors (3072K)
 Metaspace       used 125777K, capacity 129411K, committed 129920K, reserved 1161216K
  class space    used 15994K, capacity 17324K, committed 17536K, reserved 1048576K
}
Event: 94.659 GC heap before
{Heap before GC invocations=65 (full 0):
 garbage-first heap   total 273408K, used 217560K [0x0000000080000000, 0x0000000100000000)
  region size 1024K, 73 young (74752K), 3 survivors (3072K)
 Metaspace       used 125855K, capacity 129491K, committed 129920K, reserved 1161216K
  class space    used 15994K, capacity 17324K, committed 17536K, reserved 1048576K
}
Event: 94.667 GC heap after
{Heap after GC invocations=66 (full 0):
 garbage-first heap   total 273408K, used 146043K [0x0000000080000000, 0x0000000100000000)
  region size 1024K, 4 young (4096K), 4 survivors (4096K)
 Metaspace       used 125855K, capacity 129491K, committed 129920K, reserved 1161216K
  class space    used 15994K, capacity 17324K, committed 17536K, reserved 1048576K
}
Event: 95.078 GC heap before
{Heap before GC invocations=66 (full 0):
 garbage-first heap   total 273408K, used 217723K [0x0000000080000000, 0x0000000100000000)
  region size 1024K, 75 young (76800K), 4 survivors (4096K)
 Metaspace       used 125916K, capacity 129510K, committed 129920K, reserved 1161216K
  class space    used 15996K, capacity 17326K, committed 17536K, reserved 1048576K
}
Event: 95.086 GC heap after
{Heap after GC invocations=67 (full 0):
 garbage-first heap   total 273408K, used 145916K [0x0000000080000000, 0x0000000100000000)
  region size 1024K, 4 young (4096K), 4 survivors (4096K)
 Metaspace       used 125916K, capacity 129510K, committed 129920K, reserved 1161216K
  class space    used 15996K, capacity 17326K, committed 17536K, reserved 1048576K
}
Event: 95.744 GC heap before
{Heap before GC invocations=67 (full 0):
 garbage-first heap   total 273408K, used 229884K [0x0000000080000000, 0x0000000100000000)
  region size 1024K, 65 young (66560K), 4 survivors (4096K)
 Metaspace       used 126640K, capacity 130259K, committed 130560K, reserved 1163264K
  class space    used 16083K, capacity 17434K, committed 17664K, reserved 1048576K
}
Event: 95.773 GC heap after
{Heap after GC invocations=68 (full 0):
 garbage-first heap   total 273408K, used 175075K [0x0000000080000000, 0x0000000100000000)
  region size 1024K, 10 young (10240K), 10 survivors (10240K)
 Metaspace       used 126640K, capacity 130259K, committed 130560K, reserved 1163264K
  class space    used 16083K, capacity 17434K, committed 17664K, reserved 1048576K
}
Event: 96.671 GC heap before
{Heap before GC invocations=68 (full 0):
 garbage-first heap   total 273408K, used 261091K [0x0000000080000000, 0x0000000100000000)
  region size 1024K, 64 young (65536K), 10 survivors (10240K)
 Metaspace       used 127303K, capacity 130978K, committed 131328K, reserved 1163264K
  class space    used 16150K, capacity 17493K, committed 17664K, reserved 1048576K
}
Event: 96.723 GC heap after
{Heap after GC invocations=69 (full 0):
 garbage-first heap   total 284672K, used 200632K [0x0000000080000000, 0x0000000100000000)
  region size 1024K, 8 young (8192K), 8 survivors (8192K)
 Metaspace       used 127303K, capacity 130978K, committed 131328K, reserved 1163264K
  class space    used 16150K, capacity 17493K, committed 17664K, reserved 1048576K
}
Event: 97.347 GC heap before
{Heap before GC invocations=70 (full 0):
 garbage-first heap   total 284672K, used 241592K [0x0000000080000000, 0x0000000100000000)
  region size 1024K, 47 young (48128K), 8 survivors (8192K)
 Metaspace       used 127320K, capacity 130978K, committed 131328K, reserved 1163264K
  class space    used 16154K, capacity 17493K, committed 17664K, reserved 1048576K
}
Event: 97.418 GC heap after
{Heap after GC invocations=71 (full 0):
 garbage-first heap   total 284672K, used 217534K [0x0000000080000000, 0x0000000100000000)
  region size 1024K, 6 young (6144K), 6 survivors (6144K)
 Metaspace       used 127320K, capacity 130978K, committed 131328K, reserved 1163264K
  class space    used 16154K, capacity 17493K, committed 17664K, reserved 1048576K
}
Event: 97.503 GC heap before
{Heap before GC invocations=71 (full 0):
 garbage-first heap   total 284672K, used 226750K [0x0000000080000000, 0x0000000100000000)
  region size 1024K, 13 young (13312K), 6 survivors (6144K)
 Metaspace       used 127323K, capacity 130978K, committed 131328K, reserved 1163264K
  class space    used 16154K, capacity 17493K, committed 17664K, reserved 1048576K
}

