# JRE version: OpenJDK Runtime Environment (11.0.10) (build 11.0.10+0-b96-7249189)
# Java VM: OpenJDK 64-Bit Server VM (11.0.10+0-b96-7249189, mixed mode, tiered, compressed oops, g1 gc, windows-amd64)
Heap:
 garbage-first heap   total 802816K, used 264192K [0x0000000080000000, 0x0000000100000000)
  region size 1024K, 3 young (3072K), 3 survivors (3072K)
 Metaspace       used 99245K, capacity 101673K, committed 102040K, reserved 1136640K
  class space    used 12950K, capacity 13859K, committed 13976K, reserved 1048576K
GC Heap History (20 events):
Event: 22.003 GC heap after
{Heap after GC invocations=26 (full 0):
 garbage-first heap   total 227328K, used 160620K [0x0000000080000000, 0x0000000100000000)
  region size 1024K, 6 young (6144K), 6 survivors (6144K)
 Metaspace       used 93484K, capacity 95669K, committed 96152K, reserved 1132544K
  class space    used 12006K, capacity 12795K, committed 12952K, reserved 1048576K
}
Event: 22.355 GC heap before
{Heap before GC invocations=27 (full 0):
 garbage-first heap   total 227328K, used 189292K [0x0000000080000000, 0x0000000100000000)
  region size 1024K, 30 young (30720K), 6 survivors (6144K)
 Metaspace       used 95611K, capacity 97857K, committed 98200K, reserved 1134592K
  class space    used 12493K, capacity 13341K, committed 13464K, reserved 1048576K
}
Event: 22.389 GC heap after
{Heap after GC invocations=28 (full 0):
 garbage-first heap   total 227328K, used 174592K [0x0000000080000000, 0x0000000100000000)
  region size 1024K, 4 young (4096K), 4 survivors (4096K)
 Metaspace       used 95611K, capacity 97857K, committed 98200K, reserved 1134592K
  class space    used 12493K, capacity 13341K, committed 13464K, reserved 1048576K
}
Event: 22.490 GC heap before
{Heap before GC invocations=28 (full 0):
 garbage-first heap   total 227328K, used 189952K [0x0000000080000000, 0x0000000100000000)
  region size 1024K, 19 young (19456K), 4 survivors (4096K)
 Metaspace       used 95696K, capacity 97987K, committed 98200K, reserved 1134592K
  class space    used 12493K, capacity 13341K, committed 13464K, reserved 1048576K
}
Event: 22.517 GC heap after
{Heap after GC invocations=29 (full 0):
 garbage-first heap   total 322560K, used 183296K [0x0000000080000000, 0x0000000100000000)
  region size 1024K, 3 young (3072K), 3 survivors (3072K)
 Metaspace       used 95696K, capacity 97987K, committed 98200K, reserved 1134592K
  class space    used 12493K, capacity 13341K, committed 13464K, reserved 1048576K
}
Event: 23.299 GC heap before
{Heap before GC invocations=30 (full 0):
 garbage-first heap   total 322560K, used 225280K [0x0000000080000000, 0x0000000100000000)
  region size 1024K, 46 young (47104K), 3 survivors (3072K)
 Metaspace       used 95767K, capacity 98064K, committed 98200K, reserved 1134592K
  class space    used 12493K, capacity 13341K, committed 13464K, reserved 1048576K
}
Event: 23.362 GC heap after
{Heap after GC invocations=31 (full 0):
 garbage-first heap   total 322560K, used 203218K [0x0000000080000000, 0x0000000100000000)
  region size 1024K, 6 young (6144K), 6 survivors (6144K)
 Metaspace       used 95767K, capacity 98064K, committed 98200K, reserved 1134592K
  class space    used 12493K, capacity 13341K, committed 13464K, reserved 1048576K
}
Event: 23.535 GC heap before
{Heap before GC invocations=31 (full 0):
 garbage-first heap   total 322560K, used 240082K [0x0000000080000000, 0x0000000100000000)
  region size 1024K, 42 young (43008K), 6 survivors (6144K)
 Metaspace       used 95771K, capacity 98064K, committed 98200K, reserved 1134592K
  class space    used 12493K, capacity 13341K, committed 13464K, reserved 1048576K
}
Event: 23.589 GC heap after
{Heap after GC invocations=32 (full 0):
 garbage-first heap   total 322560K, used 222720K [0x0000000080000000, 0x0000000100000000)
  region size 1024K, 6 young (6144K), 6 survivors (6144K)
 Metaspace       used 95771K, capacity 98064K, committed 98200K, reserved 1134592K
  class space    used 12493K, capacity 13341K, committed 13464K, reserved 1048576K
}
Event: 24.175 GC heap before
{Heap before GC invocations=32 (full 0):
 garbage-first heap   total 322560K, used 251392K [0x0000000080000000, 0x0000000100000000)
  region size 1024K, 35 young (35840K), 6 survivors (6144K)
 Metaspace       used 95772K, capacity 98064K, committed 98200K, reserved 1134592K
  class space    used 12493K, capacity 13341K, committed 13464K, reserved 1048576K
}
Event: 24.206 GC heap after
{Heap after GC invocations=33 (full 0):
 garbage-first heap   total 322560K, used 238592K [0x0000000080000000, 0x0000000100000000)
  region size 1024K, 5 young (5120K), 5 survivors (5120K)
 Metaspace       used 95772K, capacity 98064K, committed 98200K, reserved 1134592K
  class space    used 12493K, capacity 13341K, committed 13464K, reserved 1048576K
}
Event: 24.463 GC heap before
{Heap before GC invocations=33 (full 0):
 garbage-first heap   total 322560K, used 261120K [0x0000000080000000, 0x0000000100000000)
  region size 1024K, 27 young (27648K), 5 survivors (5120K)
 Metaspace       used 95705K, capacity 98017K, committed 98456K, reserved 1134592K
  class space    used 12469K, capacity 13296K, committed 13464K, reserved 1048576K
}
Event: 24.523 GC heap after
{Heap after GC invocations=34 (full 0):
 garbage-first heap   total 479232K, used 250880K [0x0000000080000000, 0x0000000100000000)
  region size 1024K, 4 young (4096K), 4 survivors (4096K)
 Metaspace       used 95705K, capacity 98017K, committed 98456K, reserved 1134592K
  class space    used 12469K, capacity 13296K, committed 13464K, reserved 1048576K
}
Event: 26.294 GC heap before
{Heap before GC invocations=35 (full 0):
 garbage-first heap   total 479232K, used 317440K [0x0000000080000000, 0x0000000100000000)
  region size 1024K, 70 young (71680K), 4 survivors (4096K)
 Metaspace       used 98086K, capacity 100511K, committed 100760K, reserved 1136640K
  class space    used 12826K, capacity 13716K, committed 13720K, reserved 1048576K
}
Event: 26.348 GC heap after
{Heap after GC invocations=36 (full 0):
 garbage-first heap   total 479232K, used 263168K [0x0000000080000000, 0x0000000100000000)
  region size 1024K, 9 young (9216K), 9 survivors (9216K)
 Metaspace       used 98086K, capacity 100511K, committed 100760K, reserved 1136640K
  class space    used 12826K, capacity 13716K, committed 13720K, reserved 1048576K
}
Event: 27.231 GC heap before
{Heap before GC invocations=36 (full 0):
 garbage-first heap   total 479232K, used 331776K [0x0000000080000000, 0x0000000100000000)
  region size 1024K, 76 young (77824K), 9 survivors (9216K)
 Metaspace       used 98619K, capacity 101107K, committed 101144K, reserved 1136640K
  class space    used 12885K, capacity 13820K, committed 13848K, reserved 1048576K
}
Event: 27.338 GC heap after
{Heap after GC invocations=37 (full 0):
 garbage-first heap   total 479232K, used 271748K [0x0000000080000000, 0x0000000100000000)
  region size 1024K, 8 young (8192K), 8 survivors (8192K)
 Metaspace       used 98619K, capacity 101107K, committed 101144K, reserved 1136640K
  class space    used 12885K, capacity 13820K, committed 13848K, reserved 1048576K
}
Event: 29.500 GC heap before
{Heap before GC invocations=38 (full 0):
 garbage-first heap   total 479232K, used 328068K [0x0000000080000000, 0x0000000100000000)
  region size 1024K, 78 young (79872K), 8 survivors (8192K)
 Metaspace       used 99229K, capacity 101673K, committed 102040K, reserved 1136640K
  class space    used 12950K, capacity 13859K, committed 13976K, reserved 1048576K
}
Event: 29.581 GC heap after
{Heap after GC invocations=39 (full 0):
 garbage-first heap   total 479232K, used 264563K [0x0000000080000000, 0x0000000100000000)
  region size 1024K, 8 young (8192K), 8 survivors (8192K)
 Metaspace       used 99229K, capacity 101673K, committed 102040K, reserved 1136640K
  class space    used 12950K, capacity 13859K, committed 13976K, reserved 1048576K
}
Event: 29.725 GC heap before
{Heap before GC invocations=39 (full 0):
 garbage-first heap   total 479232K, used 279923K [0x0000000080000000, 0x0000000100000000)
  region size 1024K, 23 young (23552K), 8 survivors (8192K)
 Metaspace       used 99245K, capacity 101673K, committed 102040K, reserved 1136640K
  class space    used 12950K, capacity 13859K, committed 13976K, reserved 1048576K
}

