# JRE version: OpenJDK Runtime Environment (11.0.10) (build 11.0.10+0-b96-7249189)
# Java VM: OpenJDK 64-Bit Server VM (11.0.10+0-b96-7249189, mixed mode, tiered, compressed oops, g1 gc, windows-amd64)
Heap:
 garbage-first heap   total 527360K, used 197581K [0x0000000080000000, 0x0000000100000000)
  region size 1024K, 5 young (5120K), 5 survivors (5120K)
 Metaspace       used 136719K, capacity 140366K, committed 141260K, reserved 1171456K
  class space    used 16985K, capacity 18367K, committed 18688K, reserved 1048576K
GC Heap History (20 events):
Event: 62.392 GC heap after
{Heap after GC invocations=63 (full 0):
 garbage-first heap   total 227328K, used 154942K [0x0000000080000000, 0x0000000100000000)
  region size 1024K, 6 young (6144K), 6 survivors (6144K)
 Metaspace       used 136817K, capacity 140646K, committed 140876K, reserved 1171456K
  class space    used 17090K, capacity 18558K, committed 18560K, reserved 1048576K
}
Event: 62.703 GC heap before
{Heap before GC invocations=63 (full 0):
 garbage-first heap   total 227328K, used 188734K [0x0000000080000000, 0x0000000100000000)
  region size 1024K, 40 young (40960K), 6 survivors (6144K)
 Metaspace       used 136992K, capacity 140815K, committed 141004K, reserved 1171456K
  class space    used 17093K, capacity 18562K, committed 18688K, reserved 1048576K
}
Event: 62.715 GC heap after
{Heap after GC invocations=64 (full 0):
 garbage-first heap   total 227328K, used 158933K [0x0000000080000000, 0x0000000100000000)
  region size 1024K, 5 young (5120K), 5 survivors (5120K)
 Metaspace       used 136992K, capacity 140815K, committed 141004K, reserved 1171456K
  class space    used 17093K, capacity 18562K, committed 18688K, reserved 1048576K
}
Event: 63.739 GC heap before
{Heap before GC invocations=65 (full 0):
 garbage-first heap   total 227328K, used 187605K [0x0000000080000000, 0x0000000100000000)
  region size 1024K, 34 young (34816K), 5 survivors (5120K)
 Metaspace       used 136670K, capacity 140292K, committed 141004K, reserved 1171456K
  class space    used 16983K, capacity 18366K, committed 18688K, reserved 1048576K
}
Event: 63.760 GC heap after
{Heap after GC invocations=66 (full 0):
 garbage-first heap   total 227328K, used 163700K [0x0000000080000000, 0x0000000100000000)
  region size 1024K, 5 young (5120K), 5 survivors (5120K)
 Metaspace       used 136670K, capacity 140292K, committed 141004K, reserved 1171456K
  class space    used 16983K, capacity 18366K, committed 18688K, reserved 1048576K
}
Event: 63.815 GC heap before
{Heap before GC invocations=66 (full 0):
 garbage-first heap   total 227328K, used 168820K [0x0000000080000000, 0x0000000100000000)
  region size 1024K, 11 young (11264K), 5 survivors (5120K)
 Metaspace       used 136670K, capacity 140292K, committed 141004K, reserved 1171456K
  class space    used 16983K, capacity 18366K, committed 18688K, reserved 1048576K
}
Event: 63.845 GC heap after
{Heap after GC invocations=67 (full 0):
 garbage-first heap   total 227328K, used 160383K [0x0000000080000000, 0x0000000100000000)
  region size 1024K, 2 young (2048K), 2 survivors (2048K)
 Metaspace       used 136670K, capacity 140292K, committed 141004K, reserved 1171456K
  class space    used 16983K, capacity 18366K, committed 18688K, reserved 1048576K
}
Event: 64.135 GC heap before
{Heap before GC invocations=67 (full 0):
 garbage-first heap   total 227328K, used 187007K [0x0000000080000000, 0x0000000100000000)
  region size 1024K, 30 young (30720K), 2 survivors (2048K)
 Metaspace       used 136677K, capacity 140293K, committed 141004K, reserved 1171456K
  class space    used 16984K, capacity 18366K, committed 18688K, reserved 1048576K
}
Event: 64.150 GC heap after
{Heap after GC invocations=68 (full 0):
 garbage-first heap   total 227328K, used 167271K [0x0000000080000000, 0x0000000100000000)
  region size 1024K, 4 young (4096K), 4 survivors (4096K)
 Metaspace       used 136677K, capacity 140293K, committed 141004K, reserved 1171456K
  class space    used 16984K, capacity 18366K, committed 18688K, reserved 1048576K
}
Event: 64.214 GC heap before
{Heap before GC invocations=68 (full 0):
 garbage-first heap   total 227328K, used 188775K [0x0000000080000000, 0x0000000100000000)
  region size 1024K, 26 young (26624K), 4 survivors (4096K)
 Metaspace       used 136679K, capacity 140293K, committed 141004K, reserved 1171456K
  class space    used 16984K, capacity 18366K, committed 18688K, reserved 1048576K
}
Event: 64.233 GC heap after
{Heap after GC invocations=69 (full 0):
 garbage-first heap   total 227328K, used 172011K [0x0000000080000000, 0x0000000100000000)
  region size 1024K, 4 young (4096K), 4 survivors (4096K)
 Metaspace       used 136679K, capacity 140293K, committed 141004K, reserved 1171456K
  class space    used 16984K, capacity 18366K, committed 18688K, reserved 1048576K
}
Event: 64.281 GC heap before
{Heap before GC invocations=69 (full 0):
 garbage-first heap   total 227328K, used 191467K [0x0000000080000000, 0x0000000100000000)
  region size 1024K, 24 young (24576K), 4 survivors (4096K)
 Metaspace       used 136679K, capacity 140293K, committed 141004K, reserved 1171456K
  class space    used 16984K, capacity 18366K, committed 18688K, reserved 1048576K
}
Event: 64.302 GC heap after
{Heap after GC invocations=70 (full 0):
 garbage-first heap   total 282624K, used 175966K [0x0000000080000000, 0x0000000100000000)
  region size 1024K, 3 young (3072K), 3 survivors (3072K)
 Metaspace       used 136679K, capacity 140293K, committed 141004K, reserved 1171456K
  class space    used 16984K, capacity 18366K, committed 18688K, reserved 1048576K
}
Event: 64.898 GC heap before
{Heap before GC invocations=70 (full 0):
 garbage-first heap   total 282624K, used 212830K [0x0000000080000000, 0x0000000100000000)
  region size 1024K, 39 young (39936K), 3 survivors (3072K)
 Metaspace       used 136699K, capacity 140360K, committed 141260K, reserved 1171456K
  class space    used 16985K, capacity 18367K, committed 18688K, reserved 1048576K
}
Event: 64.958 GC heap after
{Heap after GC invocations=71 (full 0):
 garbage-first heap   total 282624K, used 182983K [0x0000000080000000, 0x0000000100000000)
  region size 1024K, 5 young (5120K), 5 survivors (5120K)
 Metaspace       used 136699K, capacity 140360K, committed 141260K, reserved 1171456K
  class space    used 16985K, capacity 18367K, committed 18688K, reserved 1048576K
}
Event: 65.859 GC heap before
{Heap before GC invocations=72 (full 0):
 garbage-first heap   total 282624K, used 217799K [0x0000000080000000, 0x0000000100000000)
  region size 1024K, 40 young (40960K), 5 survivors (5120K)
 Metaspace       used 136713K, capacity 140365K, committed 141260K, reserved 1171456K
  class space    used 16985K, capacity 18367K, committed 18688K, reserved 1048576K
}
Event: 65.888 GC heap after
{Heap after GC invocations=73 (full 0):
 garbage-first heap   total 282624K, used 190341K [0x0000000080000000, 0x0000000100000000)
  region size 1024K, 5 young (5120K), 5 survivors (5120K)
 Metaspace       used 136713K, capacity 140365K, committed 141260K, reserved 1171456K
  class space    used 16985K, capacity 18367K, committed 18688K, reserved 1048576K
}
Event: 65.904 GC heap before
{Heap before GC invocations=73 (full 0):
 garbage-first heap   total 282624K, used 198533K [0x0000000080000000, 0x0000000100000000)
  region size 1024K, 14 young (14336K), 5 survivors (5120K)
 Metaspace       used 136713K, capacity 140365K, committed 141260K, reserved 1171456K
  class space    used 16985K, capacity 18367K, committed 18688K, reserved 1048576K
}
Event: 65.932 GC heap after
{Heap after GC invocations=74 (full 0):
 garbage-first heap   total 282624K, used 190479K [0x0000000080000000, 0x0000000100000000)
  region size 1024K, 2 young (2048K), 2 survivors (2048K)
 Metaspace       used 136713K, capacity 140365K, committed 141260K, reserved 1171456K
  class space    used 16985K, capacity 18367K, committed 18688K, reserved 1048576K
}
Event: 66.017 GC heap before
{Heap before GC invocations=74 (full 0):
 garbage-first heap   total 282624K, used 224271K [0x0000000080000000, 0x0000000100000000)
  region size 1024K, 35 young (35840K), 2 survivors (2048K)
 Metaspace       used 136719K, capacity 140366K, committed 141260K, reserved 1171456K
  class space    used 16985K, capacity 18367K, committed 18688K, reserved 1048576K
}

