# JRE version: OpenJDK Runtime Environment (11.0.10) (build 11.0.10+0-b96-7249189)
# Java VM: OpenJDK 64-Bit Server VM (11.0.10+0-b96-7249189, mixed mode, tiered, compressed oops, g1 gc, windows-amd64)
Heap:
 garbage-first heap   total 643072K, used 228567K [0x0000000080000000, 0x0000000100000000)
  region size 1024K, 7 young (7168K), 7 survivors (7168K)
 Metaspace       used 120712K, capacity 124104K, committed 124288K, reserved 1157120K
  class space    used 15543K, capacity 16799K, committed 16896K, reserved 1048576K
GC Heap History (20 events):
Event: 64.759 GC heap after
{Heap after GC invocations=30 (full 0):
 garbage-first heap   total 262144K, used 172032K [0x0000000080000000, 0x0000000100000000)
  region size 1024K, 6 young (6144K), 6 survivors (6144K)
 Metaspace       used 116188K, capacity 119354K, committed 119680K, reserved 1153024K
  class space    used 14837K, capacity 15965K, committed 16128K, reserved 1048576K
}
Event: 65.384 GC heap before
{Heap before GC invocations=31 (full 0):
 garbage-first heap   total 262144K, used 211968K [0x0000000080000000, 0x0000000100000000)
  region size 1024K, 46 young (47104K), 6 survivors (6144K)
 Metaspace       used 116683K, capacity 119777K, committed 120192K, reserved 1153024K
  class space    used 14890K, capacity 16017K, committed 16128K, reserved 1048576K
}
Event: 65.413 GC heap after
{Heap after GC invocations=32 (full 0):
 garbage-first heap   total 262144K, used 179457K [0x0000000080000000, 0x0000000100000000)
  region size 1024K, 6 young (6144K), 6 survivors (6144K)
 Metaspace       used 116683K, capacity 119777K, committed 120192K, reserved 1153024K
  class space    used 14890K, capacity 16017K, committed 16128K, reserved 1048576K
}
Event: 65.442 GC heap before
{Heap before GC invocations=32 (full 0):
 garbage-first heap   total 262144K, used 185601K [0x0000000080000000, 0x0000000100000000)
  region size 1024K, 12 young (12288K), 6 survivors (6144K)
 Metaspace       used 116739K, capacity 119841K, committed 120192K, reserved 1153024K
  class space    used 14893K, capacity 16017K, committed 16128K, reserved 1048576K
}
Event: 65.468 GC heap after
{Heap after GC invocations=33 (full 0):
 garbage-first heap   total 262144K, used 179707K [0x0000000080000000, 0x0000000100000000)
  region size 1024K, 2 young (2048K), 2 survivors (2048K)
 Metaspace       used 116739K, capacity 119841K, committed 120192K, reserved 1153024K
  class space    used 14893K, capacity 16017K, committed 16128K, reserved 1048576K
}
Event: 65.683 GC heap before
{Heap before GC invocations=33 (full 0):
 garbage-first heap   total 262144K, used 214523K [0x0000000080000000, 0x0000000100000000)
  region size 1024K, 36 young (36864K), 2 survivors (2048K)
 Metaspace       used 117389K, capacity 120574K, committed 120832K, reserved 1155072K
  class space    used 14998K, capacity 16160K, committed 16256K, reserved 1048576K
}
Event: 65.702 GC heap after
{Heap after GC invocations=34 (full 0):
 garbage-first heap   total 262144K, used 185684K [0x0000000080000000, 0x0000000100000000)
  region size 1024K, 5 young (5120K), 5 survivors (5120K)
 Metaspace       used 117389K, capacity 120574K, committed 120832K, reserved 1155072K
  class space    used 14998K, capacity 16160K, committed 16256K, reserved 1048576K
}
Event: 65.871 GC heap before
{Heap before GC invocations=34 (full 0):
 garbage-first heap   total 262144K, used 217428K [0x0000000080000000, 0x0000000100000000)
  region size 1024K, 36 young (36864K), 5 survivors (5120K)
 Metaspace       used 117486K, capacity 120673K, committed 120832K, reserved 1155072K
  class space    used 15016K, capacity 16170K, committed 16256K, reserved 1048576K
}
Event: 65.896 GC heap after
{Heap after GC invocations=35 (full 0):
 garbage-first heap   total 262144K, used 191488K [0x0000000080000000, 0x0000000100000000)
  region size 1024K, 5 young (5120K), 5 survivors (5120K)
 Metaspace       used 117486K, capacity 120673K, committed 120832K, reserved 1155072K
  class space    used 15016K, capacity 16170K, committed 16256K, reserved 1048576K
}
Event: 66.002 GC heap before
{Heap before GC invocations=35 (full 0):
 garbage-first heap   total 262144K, used 220160K [0x0000000080000000, 0x0000000100000000)
  region size 1024K, 33 young (33792K), 5 survivors (5120K)
 Metaspace       used 117720K, capacity 120880K, committed 121088K, reserved 1155072K
  class space    used 15064K, capacity 16218K, committed 16256K, reserved 1048576K
}
Event: 66.021 GC heap after
{Heap after GC invocations=36 (full 0):
 garbage-first heap   total 262144K, used 197065K [0x0000000080000000, 0x0000000100000000)
  region size 1024K, 5 young (5120K), 5 survivors (5120K)
 Metaspace       used 117720K, capacity 120880K, committed 121088K, reserved 1155072K
  class space    used 15064K, capacity 16218K, committed 16256K, reserved 1048576K
}
Event: 66.125 GC heap before
{Heap before GC invocations=36 (full 0):
 garbage-first heap   total 262144K, used 222665K [0x0000000080000000, 0x0000000100000000)
  region size 1024K, 30 young (30720K), 5 survivors (5120K)
 Metaspace       used 118194K, capacity 121361K, committed 121472K, reserved 1155072K
  class space    used 15150K, capacity 16314K, committed 16384K, reserved 1048576K
}
Event: 66.144 GC heap after
{Heap after GC invocations=37 (full 0):
 garbage-first heap   total 321536K, used 201211K [0x0000000080000000, 0x0000000100000000)
  region size 1024K, 4 young (4096K), 4 survivors (4096K)
 Metaspace       used 118194K, capacity 121361K, committed 121472K, reserved 1155072K
  class space    used 15150K, capacity 16314K, committed 16384K, reserved 1048576K
}
Event: 66.689 GC heap before
{Heap before GC invocations=38 (full 0):
 garbage-first heap   total 321536K, used 255483K [0x0000000080000000, 0x0000000100000000)
  region size 1024K, 58 young (59392K), 4 survivors (4096K)
 Metaspace       used 119121K, capacity 122393K, committed 122624K, reserved 1155072K
  class space    used 15307K, capacity 16491K, committed 16512K, reserved 1048576K
}
Event: 66.742 GC heap after
{Heap after GC invocations=39 (full 0):
 garbage-first heap   total 321536K, used 211413K [0x0000000080000000, 0x0000000100000000)
  region size 1024K, 8 young (8192K), 8 survivors (8192K)
 Metaspace       used 119121K, capacity 122393K, committed 122624K, reserved 1155072K
  class space    used 15307K, capacity 16491K, committed 16512K, reserved 1048576K
}
Event: 66.809 GC heap before
{Heap before GC invocations=39 (full 0):
 garbage-first heap   total 321536K, used 218581K [0x0000000080000000, 0x0000000100000000)
  region size 1024K, 15 young (15360K), 8 survivors (8192K)
 Metaspace       used 119152K, capacity 122463K, committed 122624K, reserved 1155072K
  class space    used 15310K, capacity 16493K, committed 16512K, reserved 1048576K
}
Event: 66.849 GC heap after
{Heap after GC invocations=40 (full 0):
 garbage-first heap   total 321536K, used 213267K [0x0000000080000000, 0x0000000100000000)
  region size 1024K, 2 young (2048K), 2 survivors (2048K)
 Metaspace       used 119152K, capacity 122463K, committed 122624K, reserved 1155072K
  class space    used 15310K, capacity 16493K, committed 16512K, reserved 1048576K
}
Event: 67.506 GC heap before
{Heap before GC invocations=40 (full 0):
 garbage-first heap   total 321536K, used 261395K [0x0000000080000000, 0x0000000100000000)
  region size 1024K, 49 young (50176K), 2 survivors (2048K)
 Metaspace       used 120144K, capacity 123535K, committed 123648K, reserved 1157120K
  class space    used 15487K, capacity 16743K, committed 16768K, reserved 1048576K
}
Event: 67.532 GC heap after
{Heap after GC invocations=41 (full 0):
 garbage-first heap   total 321536K, used 221184K [0x0000000080000000, 0x0000000100000000)
  region size 1024K, 7 young (7168K), 7 survivors (7168K)
 Metaspace       used 120144K, capacity 123535K, committed 123648K, reserved 1157120K
  class space    used 15487K, capacity 16743K, committed 16768K, reserved 1048576K
}
Event: 67.921 GC heap before
{Heap before GC invocations=41 (full 0):
 garbage-first heap   total 321536K, used 265216K [0x0000000080000000, 0x0000000100000000)
  region size 1024K, 50 young (51200K), 7 survivors (7168K)
 Metaspace       used 120712K, capacity 124104K, committed 124288K, reserved 1157120K
  class space    used 15543K, capacity 16799K, committed 16896K, reserved 1048576K
}

