# JRE version: OpenJDK Runtime Environment (11.0.10) (build 11.0.10+0-b96-7249189)
# Java VM: OpenJDK 64-Bit Server VM (11.0.10+0-b96-7249189, mixed mode, tiered, compressed oops, g1 gc, windows-amd64)
Heap:
 garbage-first heap   total 539648K, used 278392K [0x0000000080000000, 0x0000000100000000)
  region size 1024K, 2 young (2048K), 2 survivors (2048K)
 Metaspace       used 144987K, capacity 149129K, committed 149196K, reserved 1179648K
  class space    used 17988K, capacity 19497K, committed 19532K, reserved 1048576K
GC Heap History (20 events):
Event: 242.409 GC heap after
{Heap after GC invocations=110 (full 0):
 garbage-first heap   total 328704K, used 224579K [0x0000000080000000, 0x0000000100000000)
  region size 1024K, 9 young (9216K), 9 survivors (9216K)
 Metaspace       used 144846K, capacity 148959K, committed 149196K, reserved 1179648K
  class space    used 17984K, capacity 19492K, committed 19532K, reserved 1048576K
}
Event: 242.626 GC heap before
{Heap before GC invocations=110 (full 0):
 garbage-first heap   total 328704K, used 272707K [0x0000000080000000, 0x0000000100000000)
  region size 1024K, 58 young (59392K), 9 survivors (9216K)
 Metaspace       used 144944K, capacity 149057K, committed 149196K, reserved 1179648K
  class space    used 17987K, capacity 19496K, committed 19532K, reserved 1048576K
}
Event: 242.678 GC heap after
{Heap after GC invocations=111 (full 0):
 garbage-first heap   total 328704K, used 234865K [0x0000000080000000, 0x0000000100000000)
  region size 1024K, 8 young (8192K), 8 survivors (8192K)
 Metaspace       used 144944K, capacity 149057K, committed 149196K, reserved 1179648K
  class space    used 17987K, capacity 19496K, committed 19532K, reserved 1048576K
}
Event: 243.344 GC heap before
{Heap before GC invocations=111 (full 0):
 garbage-first heap   total 328704K, used 274801K [0x0000000080000000, 0x0000000100000000)
  region size 1024K, 48 young (49152K), 8 survivors (8192K)
 Metaspace       used 144946K, capacity 149057K, committed 149196K, reserved 1179648K
  class space    used 17987K, capacity 19496K, committed 19532K, reserved 1048576K
}
Event: 243.365 GC heap after
{Heap after GC invocations=112 (full 0):
 garbage-first heap   total 328704K, used 243656K [0x0000000080000000, 0x0000000100000000)
  region size 1024K, 6 young (6144K), 6 survivors (6144K)
 Metaspace       used 144946K, capacity 149057K, committed 149196K, reserved 1179648K
  class space    used 17987K, capacity 19496K, committed 19532K, reserved 1048576K
}
Event: 243.582 GC heap before
{Heap before GC invocations=112 (full 0):
 garbage-first heap   total 328704K, used 275400K [0x0000000080000000, 0x0000000100000000)
  region size 1024K, 38 young (38912K), 6 survivors (6144K)
 Metaspace       used 144948K, capacity 149057K, committed 149196K, reserved 1179648K
  class space    used 17987K, capacity 19496K, committed 19532K, reserved 1048576K
}
Event: 243.596 GC heap after
{Heap after GC invocations=113 (full 0):
 garbage-first heap   total 328704K, used 251831K [0x0000000080000000, 0x0000000100000000)
  region size 1024K, 5 young (5120K), 5 survivors (5120K)
 Metaspace       used 144948K, capacity 149057K, committed 149196K, reserved 1179648K
  class space    used 17987K, capacity 19496K, committed 19532K, reserved 1048576K
}
Event: 243.731 GC heap before
{Heap before GC invocations=113 (full 0):
 garbage-first heap   total 328704K, used 277431K [0x0000000080000000, 0x0000000100000000)
  region size 1024K, 31 young (31744K), 5 survivors (5120K)
 Metaspace       used 144958K, capacity 149062K, committed 149196K, reserved 1179648K
  class space    used 17988K, capacity 19497K, committed 19532K, reserved 1048576K
}
Event: 243.744 GC heap after
{Heap after GC invocations=114 (full 0):
 garbage-first heap   total 328704K, used 258048K [0x0000000080000000, 0x0000000100000000)
  region size 1024K, 4 young (4096K), 4 survivors (4096K)
 Metaspace       used 144958K, capacity 149062K, committed 149196K, reserved 1179648K
  class space    used 17988K, capacity 19497K, committed 19532K, reserved 1048576K
}
Event: 243.884 GC heap before
{Heap before GC invocations=114 (full 0):
 garbage-first heap   total 328704K, used 282624K [0x0000000080000000, 0x0000000100000000)
  region size 1024K, 29 young (29696K), 4 survivors (4096K)
 Metaspace       used 144969K, capacity 149063K, committed 149196K, reserved 1179648K
  class space    used 17988K, capacity 19497K, committed 19532K, reserved 1048576K
}
Event: 243.896 GC heap after
{Heap after GC invocations=115 (full 0):
 garbage-first heap   total 328704K, used 264192K [0x0000000080000000, 0x0000000100000000)
  region size 1024K, 4 young (4096K), 4 survivors (4096K)
 Metaspace       used 144969K, capacity 149063K, committed 149196K, reserved 1179648K
  class space    used 17988K, capacity 19497K, committed 19532K, reserved 1048576K
}
Event: 243.931 GC heap before
{Heap before GC invocations=115 (full 0):
 garbage-first heap   total 328704K, used 283648K [0x0000000080000000, 0x0000000100000000)
  region size 1024K, 23 young (23552K), 4 survivors (4096K)
 Metaspace       used 144971K, capacity 149063K, committed 149196K, reserved 1179648K
  class space    used 17988K, capacity 19497K, committed 19532K, reserved 1048576K
}
Event: 243.943 GC heap after
{Heap after GC invocations=116 (full 0):
 garbage-first heap   total 328704K, used 268288K [0x0000000080000000, 0x0000000100000000)
  region size 1024K, 3 young (3072K), 3 survivors (3072K)
 Metaspace       used 144971K, capacity 149063K, committed 149196K, reserved 1179648K
  class space    used 17988K, capacity 19497K, committed 19532K, reserved 1048576K
}
Event: 244.002 GC heap before
{Heap before GC invocations=116 (full 0):
 garbage-first heap   total 328704K, used 285696K [0x0000000080000000, 0x0000000100000000)
  region size 1024K, 20 young (20480K), 3 survivors (3072K)
 Metaspace       used 144971K, capacity 149063K, committed 149196K, reserved 1179648K
  class space    used 17988K, capacity 19497K, committed 19532K, reserved 1048576K
}
Event: 244.014 GC heap after
{Heap after GC invocations=117 (full 0):
 garbage-first heap   total 328704K, used 271549K [0x0000000080000000, 0x0000000100000000)
  region size 1024K, 3 young (3072K), 3 survivors (3072K)
 Metaspace       used 144971K, capacity 149063K, committed 149196K, reserved 1179648K
  class space    used 17988K, capacity 19497K, committed 19532K, reserved 1048576K
}
Event: 244.071 GC heap before
{Heap before GC invocations=117 (full 0):
 garbage-first heap   total 328704K, used 285885K [0x0000000080000000, 0x0000000100000000)
  region size 1024K, 17 young (17408K), 3 survivors (3072K)
 Metaspace       used 144975K, capacity 149064K, committed 149196K, reserved 1179648K
  class space    used 17988K, capacity 19497K, committed 19532K, reserved 1048576K
}
Event: 244.116 GC heap after
{Heap after GC invocations=118 (full 0):
 garbage-first heap   total 328704K, used 274513K [0x0000000080000000, 0x0000000100000000)
  region size 1024K, 3 young (3072K), 3 survivors (3072K)
 Metaspace       used 144975K, capacity 149064K, committed 149196K, reserved 1179648K
  class space    used 17988K, capacity 19497K, committed 19532K, reserved 1048576K
}
Event: 244.201 GC heap before
{Heap before GC invocations=118 (full 0):
 garbage-first heap   total 328704K, used 287825K [0x0000000080000000, 0x0000000100000000)
  region size 1024K, 16 young (16384K), 3 survivors (3072K)
 Metaspace       used 144984K, capacity 149129K, committed 149196K, reserved 1179648K
  class space    used 17988K, capacity 19497K, committed 19532K, reserved 1048576K
}
Event: 244.209 GC heap after
{Heap after GC invocations=119 (full 0):
 garbage-first heap   total 328704K, used 276355K [0x0000000080000000, 0x0000000100000000)
  region size 1024K, 2 young (2048K), 2 survivors (2048K)
 Metaspace       used 144984K, capacity 149129K, committed 149196K, reserved 1179648K
  class space    used 17988K, capacity 19497K, committed 19532K, reserved 1048576K
}
Event: 244.280 GC heap before
{Heap before GC invocations=119 (full 0):
 garbage-first heap   total 328704K, used 290691K [0x0000000080000000, 0x0000000100000000)
  region size 1024K, 16 young (16384K), 2 survivors (2048K)
 Metaspace       used 144987K, capacity 149129K, committed 149196K, reserved 1179648K
  class space    used 17988K, capacity 19497K, committed 19532K, reserved 1048576K
}

