# JRE version: OpenJDK Runtime Environment (11.0.10) (build 11.0.10+0-b96-7249189)
# Java VM: OpenJDK 64-Bit Server VM (11.0.10+0-b96-7249189, mixed mode, tiered, compressed oops, g1 gc, windows-amd64)
Heap:
 garbage-first heap   total 382976K, used 235773K [0x0000000080000000, 0x0000000100000000)
  region size 1024K, 52 young (53248K), 19 survivors (19456K)
 Metaspace       used 174388K, capacity 180842K, committed 181068K, reserved 1206272K
  class space    used 20975K, capacity 23290K, committed 23372K, reserved 1048576K
GC Heap History (20 events):
Event: 20751.766 GC heap before
{Heap before GC invocations=207 (full 3):
 garbage-first heap   total 382976K, used 268013K [0x0000000080000000, 0x0000000100000000)
  region size 1024K, 81 young (82944K), 3 survivors (3072K)
 Metaspace       used 168643K, capacity 174976K, committed 175180K, reserved 1202176K
  class space    used 20500K, capacity 22742K, committed 22860K, reserved 1048576K
}
Event: 20751.785 GC heap after
{Heap after GC invocations=208 (full 3):
 garbage-first heap   total 382976K, used 194770K [0x0000000080000000, 0x0000000100000000)
  region size 1024K, 8 young (8192K), 8 survivors (8192K)
 Metaspace       used 168643K, capacity 174976K, committed 175180K, reserved 1202176K
  class space    used 20500K, capacity 22742K, committed 22860K, reserved 1048576K
}
Event: 20756.989 GC heap before
{Heap before GC invocations=209 (full 3):
 garbage-first heap   total 382976K, used 322770K [0x0000000080000000, 0x0000000100000000)
  region size 1024K, 119 young (121856K), 8 survivors (8192K)
 Metaspace       used 172617K, capacity 178895K, committed 179020K, reserved 1206272K
  class space    used 20804K, capacity 23077K, committed 23116K, reserved 1048576K
}
Event: 20757.022 GC heap after
{Heap after GC invocations=210 (full 3):
 garbage-first heap   total 382976K, used 193535K [0x0000000080000000, 0x0000000100000000)
  region size 1024K, 5 young (5120K), 5 survivors (5120K)
 Metaspace       used 172617K, capacity 178895K, committed 179020K, reserved 1206272K
  class space    used 20804K, capacity 23077K, committed 23116K, reserved 1048576K
}
Event: 20757.461 GC heap before
{Heap before GC invocations=210 (full 3):
 garbage-first heap   total 382976K, used 205823K [0x0000000080000000, 0x0000000100000000)
  region size 1024K, 18 young (18432K), 5 survivors (5120K)
 Metaspace       used 172871K, capacity 179262K, committed 179404K, reserved 1206272K
  class space    used 20831K, capacity 23114K, committed 23244K, reserved 1048576K
}
Event: 20757.480 GC heap after
{Heap after GC invocations=211 (full 3):
 garbage-first heap   total 382976K, used 179181K [0x0000000080000000, 0x0000000100000000)
  region size 1024K, 1 young (1024K), 1 survivors (1024K)
 Metaspace       used 172871K, capacity 179262K, committed 179404K, reserved 1206272K
  class space    used 20831K, capacity 23114K, committed 23244K, reserved 1048576K
}
Event: 20766.651 GC heap before
{Heap before GC invocations=211 (full 3):
 garbage-first heap   total 382976K, used 310253K [0x0000000080000000, 0x0000000100000000)
  region size 1024K, 130 young (133120K), 1 survivors (1024K)
 Metaspace       used 173367K, capacity 179785K, committed 179916K, reserved 1206272K
  class space    used 20875K, capacity 23159K, committed 23244K, reserved 1048576K
}
Event: 20766.663 GC heap after
{Heap after GC invocations=212 (full 3):
 garbage-first heap   total 382976K, used 179778K [0x0000000080000000, 0x0000000100000000)
  region size 1024K, 2 young (2048K), 2 survivors (2048K)
 Metaspace       used 173367K, capacity 179785K, committed 179916K, reserved 1206272K
  class space    used 20875K, capacity 23159K, committed 23244K, reserved 1048576K
}
Event: 20769.038 GC heap before
{Heap before GC invocations=213 (full 3):
 garbage-first heap   total 382976K, used 304706K [0x0000000080000000, 0x0000000100000000)
  region size 1024K, 135 young (138240K), 2 survivors (2048K)
 Metaspace       used 173510K, capacity 179908K, committed 180172K, reserved 1206272K
  class space    used 20889K, capacity 23169K, committed 23244K, reserved 1048576K
}
Event: 20769.050 GC heap after
{Heap after GC invocations=214 (full 3):
 garbage-first heap   total 382976K, used 170938K [0x0000000080000000, 0x0000000100000000)
  region size 1024K, 3 young (3072K), 3 survivors (3072K)
 Metaspace       used 173510K, capacity 179908K, committed 180172K, reserved 1206272K
  class space    used 20889K, capacity 23169K, committed 23244K, reserved 1048576K
}
Event: 20769.133 GC heap before
{Heap before GC invocations=214 (full 3):
 garbage-first heap   total 382976K, used 185274K [0x0000000080000000, 0x0000000100000000)
  region size 1024K, 19 young (19456K), 3 survivors (3072K)
 Metaspace       used 173510K, capacity 179908K, committed 180172K, reserved 1206272K
  class space    used 20889K, capacity 23169K, committed 23244K, reserved 1048576K
}
Event: 20769.173 GC heap after
{Heap after GC invocations=215 (full 3):
 garbage-first heap   total 382976K, used 158100K [0x0000000080000000, 0x0000000100000000)
  region size 1024K, 1 young (1024K), 1 survivors (1024K)
 Metaspace       used 173510K, capacity 179908K, committed 180172K, reserved 1206272K
  class space    used 20889K, capacity 23169K, committed 23244K, reserved 1048576K
}
Event: 20782.511 GC heap before
{Heap before GC invocations=215 (full 3):
 garbage-first heap   total 382976K, used 313748K [0x0000000080000000, 0x0000000100000000)
  region size 1024K, 154 young (157696K), 1 survivors (1024K)
 Metaspace       used 174092K, capacity 180556K, committed 180684K, reserved 1206272K
  class space    used 20951K, capacity 23241K, committed 23244K, reserved 1048576K
}
Event: 20782.579 GC heap after
{Heap after GC invocations=216 (full 3):
 garbage-first heap   total 382976K, used 161204K [0x0000000080000000, 0x0000000100000000)
  region size 1024K, 4 young (4096K), 4 survivors (4096K)
 Metaspace       used 174092K, capacity 180556K, committed 180684K, reserved 1206272K
  class space    used 20951K, capacity 23241K, committed 23244K, reserved 1048576K
}
Event: 20790.105 GC heap before
{Heap before GC invocations=217 (full 3):
 garbage-first heap   total 382976K, used 316852K [0x0000000080000000, 0x0000000100000000)
  region size 1024K, 157 young (160768K), 4 survivors (4096K)
 Metaspace       used 174335K, capacity 180823K, committed 181068K, reserved 1206272K
  class space    used 20972K, capacity 23285K, committed 23372K, reserved 1048576K
}
Event: 20790.174 GC heap after
{Heap after GC invocations=218 (full 3):
 garbage-first heap   total 382976K, used 170286K [0x0000000080000000, 0x0000000100000000)
  region size 1024K, 13 young (13312K), 13 survivors (13312K)
 Metaspace       used 174335K, capacity 180823K, committed 181068K, reserved 1206272K
  class space    used 20972K, capacity 23285K, committed 23372K, reserved 1048576K
}
Event: 20790.464 GC heap before
{Heap before GC invocations=218 (full 3):
 garbage-first heap   total 382976K, used 174382K [0x0000000080000000, 0x0000000100000000)
  region size 1024K, 18 young (18432K), 13 survivors (13312K)
 Metaspace       used 174335K, capacity 180823K, committed 181068K, reserved 1206272K
  class space    used 20972K, capacity 23285K, committed 23372K, reserved 1048576K
}
Event: 20790.523 GC heap after
{Heap after GC invocations=219 (full 3):
 garbage-first heap   total 382976K, used 166756K [0x0000000080000000, 0x0000000100000000)
  region size 1024K, 2 young (2048K), 2 survivors (2048K)
 Metaspace       used 174335K, capacity 180823K, committed 181068K, reserved 1206272K
  class space    used 20972K, capacity 23285K, committed 23372K, reserved 1048576K
}
Event: 20792.152 GC heap before
{Heap before GC invocations=219 (full 3):
 garbage-first heap   total 382976K, used 317284K [0x0000000080000000, 0x0000000100000000)
  region size 1024K, 149 young (152576K), 2 survivors (2048K)
 Metaspace       used 174383K, capacity 180842K, committed 181068K, reserved 1206272K
  class space    used 20975K, capacity 23290K, committed 23372K, reserved 1048576K
}
Event: 20792.215 GC heap after
{Heap after GC invocations=220 (full 3):
 garbage-first heap   total 382976K, used 203005K [0x0000000080000000, 0x0000000100000000)
  region size 1024K, 19 young (19456K), 19 survivors (19456K)
 Metaspace       used 174383K, capacity 180842K, committed 181068K, reserved 1206272K
  class space    used 20975K, capacity 23290K, committed 23372K, reserved 1048576K
}

