# JRE version: OpenJDK Runtime Environment (11.0.10) (build 11.0.10+0-b96-7249189)
# Java VM: OpenJDK 64-Bit Server VM (11.0.10+0-b96-7249189, mixed mode, tiered, compressed oops, g1 gc, windows-amd64)
Heap:
 garbage-first heap   total 352256K, used 185856K [0x0000000080000000, 0x0000000100000000)
  region size 1024K, 3 young (3072K), 3 survivors (3072K)
 Metaspace       used 102596K, capacity 105037K, committed 105088K, reserved 1140736K
  class space    used 13389K, capacity 14257K, committed 14284K, reserved 1048576K
GC Heap History (20 events):
Event: 18.377 GC heap after
{Heap after GC invocations=19 (full 0):
 garbage-first heap   total 189440K, used 75978K [0x0000000080000000, 0x0000000100000000)
  region size 1024K, 10 young (10240K), 10 survivors (10240K)
 Metaspace       used 89565K, capacity 91832K, committed 92160K, reserved 1128448K
  class space    used 11681K, capacity 12517K, committed 12620K, reserved 1048576K
}
Event: 19.742 GC heap before
{Heap before GC invocations=19 (full 0):
 garbage-first heap   total 189440K, used 144586K [0x0000000080000000, 0x0000000100000000)
  region size 1024K, 78 young (79872K), 10 survivors (10240K)
 Metaspace       used 90321K, capacity 92637K, committed 92928K, reserved 1130496K
  class space    used 11701K, capacity 12566K, committed 12620K, reserved 1048576K
}
Event: 19.761 GC heap after
{Heap after GC invocations=20 (full 0):
 garbage-first heap   total 189440K, used 80658K [0x0000000080000000, 0x0000000100000000)
  region size 1024K, 10 young (10240K), 10 survivors (10240K)
 Metaspace       used 90321K, capacity 92637K, committed 92928K, reserved 1130496K
  class space    used 11701K, capacity 12566K, committed 12620K, reserved 1048576K
}
Event: 21.027 GC heap before
{Heap before GC invocations=20 (full 0):
 garbage-first heap   total 189440K, used 148242K [0x0000000080000000, 0x0000000100000000)
  region size 1024K, 77 young (78848K), 10 survivors (10240K)
 Metaspace       used 93914K, capacity 96187K, committed 96384K, reserved 1132544K
  class space    used 12115K, capacity 12986K, committed 13004K, reserved 1048576K
}
Event: 21.047 GC heap after
{Heap after GC invocations=21 (full 0):
 garbage-first heap   total 189440K, used 83265K [0x0000000080000000, 0x0000000100000000)
  region size 1024K, 8 young (8192K), 8 survivors (8192K)
 Metaspace       used 93914K, capacity 96187K, committed 96384K, reserved 1132544K
  class space    used 12115K, capacity 12986K, committed 13004K, reserved 1048576K
}
Event: 21.827 GC heap before
{Heap before GC invocations=21 (full 0):
 garbage-first heap   total 189440K, used 150849K [0x0000000080000000, 0x0000000100000000)
  region size 1024K, 75 young (76800K), 8 survivors (8192K)
 Metaspace       used 96732K, capacity 99105K, committed 99328K, reserved 1134592K
  class space    used 12461K, capacity 13315K, committed 13388K, reserved 1048576K
}
Event: 21.844 GC heap after
{Heap after GC invocations=22 (full 0):
 garbage-first heap   total 189440K, used 86850K [0x0000000080000000, 0x0000000100000000)
  region size 1024K, 7 young (7168K), 7 survivors (7168K)
 Metaspace       used 96732K, capacity 99105K, committed 99328K, reserved 1134592K
  class space    used 12461K, capacity 13315K, committed 13388K, reserved 1048576K
}
Event: 22.286 GC heap before
{Heap before GC invocations=22 (full 0):
 garbage-first heap   total 189440K, used 126786K [0x0000000080000000, 0x0000000100000000)
  region size 1024K, 48 young (49152K), 7 survivors (7168K)
 Metaspace       used 97116K, capacity 99512K, committed 99584K, reserved 1136640K
  class space    used 12499K, capacity 13359K, committed 13388K, reserved 1048576K
}
Event: 22.304 GC heap after
{Heap after GC invocations=23 (full 0):
 garbage-first heap   total 189440K, used 89861K [0x0000000080000000, 0x0000000100000000)
  region size 1024K, 7 young (7168K), 7 survivors (7168K)
 Metaspace       used 97116K, capacity 99512K, committed 99584K, reserved 1136640K
  class space    used 12499K, capacity 13359K, committed 13388K, reserved 1048576K
}
Event: 22.682 GC heap before
{Heap before GC invocations=24 (full 0):
 garbage-first heap   total 189440K, used 117509K [0x0000000080000000, 0x0000000100000000)
  region size 1024K, 19 young (19456K), 7 survivors (7168K)
 Metaspace       used 96992K, capacity 99279K, committed 99584K, reserved 1136640K
  class space    used 12449K, capacity 13270K, committed 13388K, reserved 1048576K
}
Event: 22.699 GC heap after
{Heap after GC invocations=25 (full 0):
 garbage-first heap   total 227328K, used 110100K [0x0000000080000000, 0x0000000100000000)
  region size 1024K, 6 young (6144K), 6 survivors (6144K)
 Metaspace       used 96992K, capacity 99279K, committed 99584K, reserved 1136640K
  class space    used 12449K, capacity 13270K, committed 13388K, reserved 1048576K
}
Event: 23.481 GC heap before
{Heap before GC invocations=26 (full 0):
 garbage-first heap   total 227328K, used 156180K [0x0000000080000000, 0x0000000100000000)
  region size 1024K, 52 young (53248K), 6 survivors (6144K)
 Metaspace       used 99527K, capacity 101791K, committed 102016K, reserved 1138688K
  class space    used 12826K, capacity 13654K, committed 13772K, reserved 1048576K
}
Event: 23.501 GC heap after
{Heap after GC invocations=27 (full 0):
 garbage-first heap   total 227328K, used 115204K [0x0000000080000000, 0x0000000100000000)
  region size 1024K, 10 young (10240K), 10 survivors (10240K)
 Metaspace       used 99527K, capacity 101791K, committed 102016K, reserved 1138688K
  class space    used 12826K, capacity 13654K, committed 13772K, reserved 1048576K
}
Event: 24.152 GC heap before
{Heap before GC invocations=28 (full 0):
 garbage-first heap   total 227328K, used 195076K [0x0000000080000000, 0x0000000100000000)
  region size 1024K, 54 young (55296K), 10 survivors (10240K)
 Metaspace       used 100289K, capacity 102660K, committed 102912K, reserved 1138688K
  class space    used 12913K, capacity 13743K, committed 13900K, reserved 1048576K
}
Event: 24.239 GC heap after
{Heap after GC invocations=29 (full 0):
 garbage-first heap   total 227328K, used 150218K [0x0000000080000000, 0x0000000100000000)
  region size 1024K, 11 young (11264K), 11 survivors (11264K)
 Metaspace       used 100289K, capacity 102660K, committed 102912K, reserved 1138688K
  class space    used 12913K, capacity 13743K, committed 13900K, reserved 1048576K
}
Event: 24.668 GC heap before
{Heap before GC invocations=30 (full 0):
 garbage-first heap   total 227328K, used 186058K [0x0000000080000000, 0x0000000100000000)
  region size 1024K, 46 young (47104K), 11 survivors (11264K)
 Metaspace       used 100293K, capacity 102660K, committed 102912K, reserved 1138688K
  class space    used 12913K, capacity 13743K, committed 13900K, reserved 1048576K
}
Event: 24.743 GC heap after
{Heap after GC invocations=31 (full 0):
 garbage-first heap   total 227328K, used 165407K [0x0000000080000000, 0x0000000100000000)
  region size 1024K, 6 young (6144K), 6 survivors (6144K)
 Metaspace       used 100293K, capacity 102660K, committed 102912K, reserved 1138688K
  class space    used 12913K, capacity 13743K, committed 13900K, reserved 1048576K
}
Event: 25.193 GC heap before
{Heap before GC invocations=31 (full 0):
 garbage-first heap   total 227328K, used 191007K [0x0000000080000000, 0x0000000100000000)
  region size 1024K, 28 young (28672K), 6 survivors (6144K)
 Metaspace       used 102545K, capacity 104964K, committed 105088K, reserved 1140736K
  class space    used 13387K, capacity 14255K, committed 14284K, reserved 1048576K
}
Event: 25.233 GC heap after
{Heap after GC invocations=32 (full 0):
 garbage-first heap   total 227328K, used 178176K [0x0000000080000000, 0x0000000100000000)
  region size 1024K, 4 young (4096K), 4 survivors (4096K)
 Metaspace       used 102545K, capacity 104964K, committed 105088K, reserved 1140736K
  class space    used 13387K, capacity 14255K, committed 14284K, reserved 1048576K
}
Event: 25.322 GC heap before
{Heap before GC invocations=33 (full 0):
 garbage-first heap   total 227328K, used 191488K [0x0000000080000000, 0x0000000100000000)
  region size 1024K, 18 young (18432K), 4 survivors (4096K)
 Metaspace       used 102596K, capacity 105037K, committed 105088K, reserved 1140736K
  class space    used 13389K, capacity 14257K, committed 14284K, reserved 1048576K
}

