# JRE version: OpenJDK Runtime Environment (11.0.10) (build 11.0.10+0-b96-7249189)
# Java VM: OpenJDK 64-Bit Server VM (11.0.10+0-b96-7249189, mixed mode, tiered, compressed oops, g1 gc, windows-amd64)
Heap:
 garbage-first heap   total 746496K, used 259925K [0x0000000080000000, 0x0000000100000000)
  region size 1024K, 4 young (4096K), 4 survivors (4096K)
 Metaspace       used 100295K, capacity 102907K, committed 103168K, reserved 1138688K
  class space    used 13084K, capacity 14020K, committed 14080K, reserved 1048576K
GC Heap History (20 events):
Event: 26.454 GC heap after
{Heap after GC invocations=28 (full 0):
 garbage-first heap   total 227328K, used 163502K [0x0000000080000000, 0x0000000100000000)
  region size 1024K, 2 young (2048K), 2 survivors (2048K)
 Metaspace       used 95152K, capacity 97421K, committed 97920K, reserved 1134592K
  class space    used 12202K, capacity 13022K, committed 13184K, reserved 1048576K
}
Event: 26.850 GC heap before
{Heap before GC invocations=28 (full 0):
 garbage-first heap   total 227328K, used 183982K [0x0000000080000000, 0x0000000100000000)
  region size 1024K, 18 young (18432K), 2 survivors (2048K)
 Metaspace       used 97169K, capacity 99505K, committed 99840K, reserved 1136640K
  class space    used 12673K, capacity 13508K, committed 13568K, reserved 1048576K
}
Event: 26.870 GC heap after
{Heap after GC invocations=29 (full 0):
 garbage-first heap   total 227328K, used 172811K [0x0000000080000000, 0x0000000100000000)
  region size 1024K, 3 young (3072K), 3 survivors (3072K)
 Metaspace       used 97169K, capacity 99505K, committed 99840K, reserved 1136640K
  class space    used 12673K, capacity 13508K, committed 13568K, reserved 1048576K
}
Event: 27.017 GC heap before
{Heap before GC invocations=30 (full 0):
 garbage-first heap   total 227328K, used 185099K [0x0000000080000000, 0x0000000100000000)
  region size 1024K, 16 young (16384K), 3 survivors (3072K)
 Metaspace       used 97238K, capacity 99569K, committed 99840K, reserved 1136640K
  class space    used 12674K, capacity 13508K, committed 13568K, reserved 1048576K
}
Event: 27.051 GC heap after
{Heap after GC invocations=31 (full 0):
 garbage-first heap   total 310272K, used 179656K [0x0000000080000000, 0x0000000100000000)
  region size 1024K, 2 young (2048K), 2 survivors (2048K)
 Metaspace       used 97238K, capacity 99569K, committed 99840K, reserved 1136640K
  class space    used 12674K, capacity 13508K, committed 13568K, reserved 1048576K
}
Event: 27.536 GC heap before
{Heap before GC invocations=31 (full 0):
 garbage-first heap   total 310272K, used 216520K [0x0000000080000000, 0x0000000100000000)
  region size 1024K, 39 young (39936K), 2 survivors (2048K)
 Metaspace       used 97372K, capacity 99775K, committed 100096K, reserved 1136640K
  class space    used 12674K, capacity 13508K, committed 13568K, reserved 1048576K
}
Event: 27.571 GC heap after
{Heap after GC invocations=32 (full 0):
 garbage-first heap   total 310272K, used 198609K [0x0000000080000000, 0x0000000100000000)
  region size 1024K, 5 young (5120K), 5 survivors (5120K)
 Metaspace       used 97372K, capacity 99775K, committed 100096K, reserved 1136640K
  class space    used 12674K, capacity 13508K, committed 13568K, reserved 1048576K
}
Event: 28.338 GC heap before
{Heap before GC invocations=32 (full 0):
 garbage-first heap   total 310272K, used 227281K [0x0000000080000000, 0x0000000100000000)
  region size 1024K, 36 young (36864K), 5 survivors (5120K)
 Metaspace       used 97364K, capacity 99736K, committed 100096K, reserved 1136640K
  class space    used 12665K, capacity 13491K, committed 13568K, reserved 1048576K
}
Event: 28.392 GC heap after
{Heap after GC invocations=33 (full 0):
 garbage-first heap   total 310272K, used 212992K [0x0000000080000000, 0x0000000100000000)
  region size 1024K, 5 young (5120K), 5 survivors (5120K)
 Metaspace       used 97364K, capacity 99736K, committed 100096K, reserved 1136640K
  class space    used 12665K, capacity 13491K, committed 13568K, reserved 1048576K
}
Event: 28.513 GC heap before
{Heap before GC invocations=34 (full 0):
 garbage-first heap   total 310272K, used 239616K [0x0000000080000000, 0x0000000100000000)
  region size 1024K, 32 young (32768K), 5 survivors (5120K)
 Metaspace       used 97366K, capacity 99736K, committed 100096K, reserved 1136640K
  class space    used 12665K, capacity 13491K, committed 13568K, reserved 1048576K
}
Event: 28.540 GC heap after
{Heap after GC invocations=35 (full 0):
 garbage-first heap   total 310272K, used 228352K [0x0000000080000000, 0x0000000100000000)
  region size 1024K, 4 young (4096K), 4 survivors (4096K)
 Metaspace       used 97366K, capacity 99736K, committed 100096K, reserved 1136640K
  class space    used 12665K, capacity 13491K, committed 13568K, reserved 1048576K
}
Event: 28.608 GC heap before
{Heap before GC invocations=35 (full 0):
 garbage-first heap   total 310272K, used 249856K [0x0000000080000000, 0x0000000100000000)
  region size 1024K, 25 young (25600K), 4 survivors (4096K)
 Metaspace       used 97366K, capacity 99736K, committed 100096K, reserved 1136640K
  class space    used 12665K, capacity 13491K, committed 13568K, reserved 1048576K
}
Event: 28.744 GC heap after
{Heap after GC invocations=36 (full 0):
 garbage-first heap   total 408576K, used 240640K [0x0000000080000000, 0x0000000100000000)
  region size 1024K, 4 young (4096K), 4 survivors (4096K)
 Metaspace       used 97366K, capacity 99736K, committed 100096K, reserved 1136640K
  class space    used 12665K, capacity 13491K, committed 13568K, reserved 1048576K
}
Event: 30.460 GC heap before
{Heap before GC invocations=37 (full 0):
 garbage-first heap   total 408576K, used 285696K [0x0000000080000000, 0x0000000100000000)
  region size 1024K, 49 young (50176K), 4 survivors (4096K)
 Metaspace       used 99179K, capacity 101581K, committed 101632K, reserved 1136640K
  class space    used 12927K, capacity 13801K, committed 13824K, reserved 1048576K
}
Event: 30.529 GC heap after
{Heap after GC invocations=38 (full 0):
 garbage-first heap   total 408576K, used 259584K [0x0000000080000000, 0x0000000100000000)
  region size 1024K, 7 young (7168K), 7 survivors (7168K)
 Metaspace       used 99179K, capacity 101581K, committed 101632K, reserved 1136640K
  class space    used 12927K, capacity 13801K, committed 13824K, reserved 1048576K
}
Event: 30.966 GC heap before
{Heap before GC invocations=38 (full 0):
 garbage-first heap   total 408576K, used 301568K [0x0000000080000000, 0x0000000100000000)
  region size 1024K, 49 young (50176K), 7 survivors (7168K)
 Metaspace       used 99759K, capacity 102342K, committed 102528K, reserved 1138688K
  class space    used 13024K, capacity 13948K, committed 13952K, reserved 1048576K
}
Event: 31.009 GC heap after
{Heap after GC invocations=39 (full 0):
 garbage-first heap   total 408576K, used 267264K [0x0000000080000000, 0x0000000100000000)
  region size 1024K, 7 young (7168K), 7 survivors (7168K)
 Metaspace       used 99759K, capacity 102342K, committed 102528K, reserved 1138688K
  class space    used 13024K, capacity 13948K, committed 13952K, reserved 1048576K
}
Event: 31.989 GC heap before
{Heap before GC invocations=39 (full 0):
 garbage-first heap   total 408576K, used 289792K [0x0000000080000000, 0x0000000100000000)
  region size 1024K, 49 young (50176K), 7 survivors (7168K)
 Metaspace       used 100022K, capacity 102635K, committed 102912K, reserved 1138688K
  class space    used 13060K, capacity 13978K, committed 14080K, reserved 1048576K
}
Event: 32.023 GC heap after
{Heap after GC invocations=40 (full 0):
 garbage-first heap   total 408576K, used 254468K [0x0000000080000000, 0x0000000100000000)
  region size 1024K, 7 young (7168K), 7 survivors (7168K)
 Metaspace       used 100022K, capacity 102635K, committed 102912K, reserved 1138688K
  class space    used 13060K, capacity 13978K, committed 14080K, reserved 1048576K
}
Event: 32.666 GC heap before
{Heap before GC invocations=41 (full 0):
 garbage-first heap   total 408576K, used 306692K [0x0000000080000000, 0x0000000100000000)
  region size 1024K, 56 young (57344K), 7 survivors (7168K)
 Metaspace       used 100295K, capacity 102907K, committed 103168K, reserved 1138688K
  class space    used 13084K, capacity 14020K, committed 14080K, reserved 1048576K
}

