# JRE version: OpenJDK Runtime Environment (11.0.10) (build 11.0.10+0-b96-7249189)
# Java VM: OpenJDK 64-Bit Server VM (11.0.10+0-b96-7249189, mixed mode, tiered, compressed oops, g1 gc, windows-amd64)
Heap:
 garbage-first heap   total 227328K, used 147371K [0x0000000080000000, 0x0000000100000000)
  region size 1024K, 41 young (41984K), 4 survivors (4096K)
 Metaspace       used 104241K, capacity 106765K, committed 106940K, reserved 1142784K
  class space    used 13182K, capacity 14100K, committed 14208K, reserved 1048576K
GC Heap History (20 events):
Event: 23.914 GC heap before
{Heap before GC invocations=21 (full 0):
 garbage-first heap   total 189440K, used 103145K [0x0000000080000000, 0x0000000100000000)
  region size 1024K, 19 young (19456K), 10 survivors (10240K)
 Metaspace       used 88485K, capacity 90647K, committed 90940K, reserved 1128448K
  class space    used 11387K, capacity 12165K, committed 12288K, reserved 1048576K
}
Event: 23.938 GC heap after
{Heap after GC invocations=22 (full 0):
 garbage-first heap   total 189440K, used 98799K [0x0000000080000000, 0x0000000100000000)
  region size 1024K, 7 young (7168K), 7 survivors (7168K)
 Metaspace       used 88485K, capacity 90647K, committed 90940K, reserved 1128448K
  class space    used 11387K, capacity 12165K, committed 12288K, reserved 1048576K
}
Event: 24.928 GC heap before
{Heap before GC invocations=23 (full 0):
 garbage-first heap   total 189440K, used 138735K [0x0000000080000000, 0x0000000100000000)
  region size 1024K, 39 young (39936K), 7 survivors (7168K)
 Metaspace       used 90696K, capacity 92871K, committed 92988K, reserved 1130496K
  class space    used 11629K, capacity 12434K, committed 12544K, reserved 1048576K
}
Event: 24.941 GC heap after
{Heap after GC invocations=24 (full 0):
 garbage-first heap   total 227328K, used 92985K [0x0000000080000000, 0x0000000100000000)
  region size 1024K, 3 young (3072K), 3 survivors (3072K)
 Metaspace       used 90696K, capacity 92871K, committed 92988K, reserved 1130496K
  class space    used 11629K, capacity 12434K, committed 12544K, reserved 1048576K
}
Event: 26.242 GC heap before
{Heap before GC invocations=24 (full 0):
 garbage-first heap   total 227328K, used 147257K [0x0000000080000000, 0x0000000100000000)
  region size 1024K, 57 young (58368K), 3 survivors (3072K)
 Metaspace       used 92671K, capacity 94905K, committed 95036K, reserved 1132544K
  class space    used 11863K, capacity 12686K, committed 12800K, reserved 1048576K
}
Event: 26.256 GC heap after
{Heap after GC invocations=25 (full 0):
 garbage-first heap   total 227328K, used 95609K [0x0000000080000000, 0x0000000100000000)
  region size 1024K, 5 young (5120K), 5 survivors (5120K)
 Metaspace       used 92671K, capacity 94905K, committed 95036K, reserved 1132544K
  class space    used 11863K, capacity 12686K, committed 12800K, reserved 1048576K
}
Event: 27.194 GC heap before
{Heap before GC invocations=25 (full 0):
 garbage-first heap   total 227328K, used 155001K [0x0000000080000000, 0x0000000100000000)
  region size 1024K, 64 young (65536K), 5 survivors (5120K)
 Metaspace       used 94812K, capacity 97022K, committed 97340K, reserved 1134592K
  class space    used 12143K, capacity 12942K, committed 13056K, reserved 1048576K
}
Event: 27.206 GC heap after
{Heap after GC invocations=26 (full 0):
 garbage-first heap   total 227328K, used 97740K [0x0000000080000000, 0x0000000100000000)
  region size 1024K, 6 young (6144K), 6 survivors (6144K)
 Metaspace       used 94812K, capacity 97022K, committed 97340K, reserved 1134592K
  class space    used 12143K, capacity 12942K, committed 13056K, reserved 1048576K
}
Event: 31.626 GC heap before
{Heap before GC invocations=26 (full 0):
 garbage-first heap   total 227328K, used 160204K [0x0000000080000000, 0x0000000100000000)
  region size 1024K, 68 young (69632K), 6 survivors (6144K)
 Metaspace       used 96499K, capacity 98719K, committed 99004K, reserved 1134592K
  class space    used 12317K, capacity 13124K, committed 13184K, reserved 1048576K
}
Event: 31.644 GC heap after
{Heap after GC invocations=27 (full 0):
 garbage-first heap   total 227328K, used 104131K [0x0000000080000000, 0x0000000100000000)
  region size 1024K, 9 young (9216K), 9 survivors (9216K)
 Metaspace       used 96499K, capacity 98719K, committed 99004K, reserved 1134592K
  class space    used 12317K, capacity 13124K, committed 13184K, reserved 1048576K
}
Event: 32.255 GC heap before
{Heap before GC invocations=27 (full 0):
 garbage-first heap   total 227328K, used 165571K [0x0000000080000000, 0x0000000100000000)
  region size 1024K, 70 young (71680K), 9 survivors (9216K)
 Metaspace       used 97177K, capacity 99370K, committed 99644K, reserved 1136640K
  class space    used 12393K, capacity 13190K, committed 13312K, reserved 1048576K
}
Event: 32.275 GC heap after
{Heap after GC invocations=28 (full 0):
 garbage-first heap   total 227328K, used 106094K [0x0000000080000000, 0x0000000100000000)
  region size 1024K, 4 young (4096K), 4 survivors (4096K)
 Metaspace       used 97177K, capacity 99370K, committed 99644K, reserved 1136640K
  class space    used 12393K, capacity 13190K, committed 13312K, reserved 1048576K
}
Event: 33.525 GC heap before
{Heap before GC invocations=28 (full 0):
 garbage-first heap   total 227328K, used 171630K [0x0000000080000000, 0x0000000100000000)
  region size 1024K, 68 young (69632K), 4 survivors (4096K)
 Metaspace       used 99986K, capacity 102233K, committed 102460K, reserved 1138688K
  class space    used 12716K, capacity 13564K, committed 13568K, reserved 1048576K
}
Event: 33.545 GC heap after
{Heap after GC invocations=29 (full 0):
 garbage-first heap   total 227328K, used 109842K [0x0000000080000000, 0x0000000100000000)
  region size 1024K, 8 young (8192K), 8 survivors (8192K)
 Metaspace       used 99986K, capacity 102233K, committed 102460K, reserved 1138688K
  class space    used 12716K, capacity 13564K, committed 13568K, reserved 1048576K
}
Event: 68.159 GC heap before
{Heap before GC invocations=30 (full 0):
 garbage-first heap   total 227328K, used 171282K [0x0000000080000000, 0x0000000100000000)
  region size 1024K, 72 young (73728K), 8 survivors (8192K)
 Metaspace       used 103228K, capacity 105777K, committed 106044K, reserved 1140736K
  class space    used 13127K, capacity 14042K, committed 14080K, reserved 1048576K
}
Event: 68.183 GC heap after
{Heap after GC invocations=31 (full 0):
 garbage-first heap   total 227328K, used 108677K [0x0000000080000000, 0x0000000100000000)
  region size 1024K, 9 young (9216K), 9 survivors (9216K)
 Metaspace       used 103228K, capacity 105777K, committed 106044K, reserved 1140736K
  class space    used 13127K, capacity 14042K, committed 14080K, reserved 1048576K
}
Event: 68.225 GC heap before
{Heap before GC invocations=31 (full 0):
 garbage-first heap   total 227328K, used 110725K [0x0000000080000000, 0x0000000100000000)
  region size 1024K, 11 young (11264K), 9 survivors (9216K)
 Metaspace       used 103258K, capacity 105778K, committed 106044K, reserved 1140736K
  class space    used 13128K, capacity 14042K, committed 14080K, reserved 1048576K
}
Event: 68.251 GC heap after
{Heap after GC invocations=32 (full 0):
 garbage-first heap   total 227328K, used 107055K [0x0000000080000000, 0x0000000100000000)
  region size 1024K, 2 young (2048K), 2 survivors (2048K)
 Metaspace       used 103258K, capacity 105778K, committed 106044K, reserved 1140736K
  class space    used 13128K, capacity 14042K, committed 14080K, reserved 1048576K
}
Event: 115.645 GC heap before
{Heap before GC invocations=32 (full 0):
 garbage-first heap   total 227328K, used 174639K [0x0000000080000000, 0x0000000100000000)
  region size 1024K, 68 young (69632K), 2 survivors (2048K)
 Metaspace       used 103832K, capacity 106416K, committed 106684K, reserved 1142784K
  class space    used 13161K, capacity 14091K, committed 14208K, reserved 1048576K
}
Event: 115.777 GC heap after
{Heap after GC invocations=33 (full 0):
 garbage-first heap   total 227328K, used 109483K [0x0000000080000000, 0x0000000100000000)
  region size 1024K, 4 young (4096K), 4 survivors (4096K)
 Metaspace       used 103832K, capacity 106416K, committed 106684K, reserved 1142784K
  class space    used 13161K, capacity 14091K, committed 14208K, reserved 1048576K
}

