# JRE version: OpenJDK Runtime Environment (11.0.10) (build 11.0.10+0-b96-7249189)
# Java VM: OpenJDK 64-Bit Server VM (11.0.10+0-b96-7249189, mixed mode, tiered, compressed oops, g1 gc, windows-amd64)
Heap:
 garbage-first heap   total 578560K, used 222485K [0x0000000080000000, 0x0000000100000000)
  region size 1024K, 5 young (5120K), 5 survivors (5120K)
 Metaspace       used 128052K, capacity 131328K, committed 131480K, reserved 1163264K
  class space    used 16049K, capacity 17292K, committed 17380K, reserved 1048576K
GC Heap History (20 events):
Event: 195.327 GC heap after
{Heap after GC invocations=98 (full 0):
 garbage-first heap   total 227328K, used 175230K [0x0000000080000000, 0x0000000100000000)
  region size 1024K, 3 young (3072K), 3 survivors (3072K)
 Metaspace       used 127245K, capacity 130327K, committed 130456K, reserved 1163264K
  class space    used 15965K, capacity 17121K, committed 17124K, reserved 1048576K
}
Event: 195.460 GC heap before
{Heap before GC invocations=98 (full 0):
 garbage-first heap   total 227328K, used 196734K [0x0000000080000000, 0x0000000100000000)
  region size 1024K, 24 young (24576K), 3 survivors (3072K)
 Metaspace       used 127373K, capacity 130510K, committed 130840K, reserved 1163264K
  class space    used 15973K, capacity 17157K, committed 17252K, reserved 1048576K
}
Event: 195.468 GC heap after
{Heap after GC invocations=99 (full 0):
 garbage-first heap   total 227328K, used 177790K [0x0000000080000000, 0x0000000100000000)
  region size 1024K, 3 young (3072K), 3 survivors (3072K)
 Metaspace       used 127373K, capacity 130510K, committed 130840K, reserved 1163264K
  class space    used 15973K, capacity 17157K, committed 17252K, reserved 1048576K
}
Event: 195.564 GC heap before
{Heap before GC invocations=99 (full 0):
 garbage-first heap   total 227328K, used 196222K [0x0000000080000000, 0x0000000100000000)
  region size 1024K, 22 young (22528K), 3 survivors (3072K)
 Metaspace       used 127398K, capacity 130510K, committed 130840K, reserved 1163264K
  class space    used 15973K, capacity 17157K, committed 17252K, reserved 1048576K
}
Event: 195.573 GC heap after
{Heap after GC invocations=100 (full 0):
 garbage-first heap   total 273408K, used 180020K [0x0000000080000000, 0x0000000100000000)
  region size 1024K, 3 young (3072K), 3 survivors (3072K)
 Metaspace       used 127398K, capacity 130510K, committed 130840K, reserved 1163264K
  class space    used 15973K, capacity 17157K, committed 17252K, reserved 1048576K
}
Event: 195.895 GC heap before
{Heap before GC invocations=100 (full 0):
 garbage-first heap   total 273408K, used 214836K [0x0000000080000000, 0x0000000100000000)
  region size 1024K, 37 young (37888K), 3 survivors (3072K)
 Metaspace       used 127711K, capacity 130973K, committed 131224K, reserved 1163264K
  class space    used 16030K, capacity 17269K, committed 17380K, reserved 1048576K
}
Event: 195.910 GC heap after
{Heap after GC invocations=101 (full 0):
 garbage-first heap   total 273408K, used 185068K [0x0000000080000000, 0x0000000100000000)
  region size 1024K, 5 young (5120K), 5 survivors (5120K)
 Metaspace       used 127711K, capacity 130973K, committed 131224K, reserved 1163264K
  class space    used 16030K, capacity 17269K, committed 17380K, reserved 1048576K
}
Event: 196.084 GC heap before
{Heap before GC invocations=101 (full 0):
 garbage-first heap   total 273408K, used 218860K [0x0000000080000000, 0x0000000100000000)
  region size 1024K, 39 young (39936K), 5 survivors (5120K)
 Metaspace       used 127801K, capacity 131080K, committed 131224K, reserved 1163264K
  class space    used 16035K, capacity 17279K, committed 17380K, reserved 1048576K
}
Event: 196.101 GC heap after
{Heap after GC invocations=102 (full 0):
 garbage-first heap   total 273408K, used 190437K [0x0000000080000000, 0x0000000100000000)
  region size 1024K, 5 young (5120K), 5 survivors (5120K)
 Metaspace       used 127801K, capacity 131080K, committed 131224K, reserved 1163264K
  class space    used 16035K, capacity 17279K, committed 17380K, reserved 1048576K
}
Event: 196.259 GC heap before
{Heap before GC invocations=102 (full 0):
 garbage-first heap   total 273408K, used 224229K [0x0000000080000000, 0x0000000100000000)
  region size 1024K, 38 young (38912K), 5 survivors (5120K)
 Metaspace       used 127830K, capacity 131090K, committed 131224K, reserved 1163264K
  class space    used 16036K, capacity 17280K, committed 17380K, reserved 1048576K
}
Event: 196.272 GC heap after
{Heap after GC invocations=103 (full 0):
 garbage-first heap   total 273408K, used 194410K [0x0000000080000000, 0x0000000100000000)
  region size 1024K, 5 young (5120K), 5 survivors (5120K)
 Metaspace       used 127830K, capacity 131090K, committed 131224K, reserved 1163264K
  class space    used 16036K, capacity 17280K, committed 17380K, reserved 1048576K
}
Event: 196.491 GC heap before
{Heap before GC invocations=103 (full 0):
 garbage-first heap   total 273408K, used 225130K [0x0000000080000000, 0x0000000100000000)
  region size 1024K, 36 young (36864K), 5 survivors (5120K)
 Metaspace       used 127877K, capacity 131113K, committed 131224K, reserved 1163264K
  class space    used 16041K, capacity 17287K, committed 17380K, reserved 1048576K
}
Event: 196.505 GC heap after
{Heap after GC invocations=104 (full 0):
 garbage-first heap   total 372736K, used 199680K [0x0000000080000000, 0x0000000100000000)
  region size 1024K, 5 young (5120K), 5 survivors (5120K)
 Metaspace       used 127877K, capacity 131113K, committed 131224K, reserved 1163264K
  class space    used 16041K, capacity 17287K, committed 17380K, reserved 1048576K
}
Event: 197.379 GC heap before
{Heap before GC invocations=104 (full 0):
 garbage-first heap   total 372736K, used 265216K [0x0000000080000000, 0x0000000100000000)
  region size 1024K, 70 young (71680K), 5 survivors (5120K)
 Metaspace       used 127939K, capacity 131184K, committed 131480K, reserved 1163264K
  class space    used 16042K, capacity 17289K, committed 17380K, reserved 1048576K
}
Event: 197.396 GC heap after
{Heap after GC invocations=105 (full 0):
 garbage-first heap   total 372736K, used 206436K [0x0000000080000000, 0x0000000100000000)
  region size 1024K, 8 young (8192K), 8 survivors (8192K)
 Metaspace       used 127939K, capacity 131184K, committed 131480K, reserved 1163264K
  class space    used 16042K, capacity 17289K, committed 17380K, reserved 1048576K
}
Event: 197.829 GC heap before
{Heap before GC invocations=105 (full 0):
 garbage-first heap   total 372736K, used 274020K [0x0000000080000000, 0x0000000100000000)
  region size 1024K, 74 young (75776K), 8 survivors (8192K)
 Metaspace       used 127961K, capacity 131250K, committed 131480K, reserved 1163264K
  class space    used 16042K, capacity 17289K, committed 17380K, reserved 1048576K
}
Event: 197.858 GC heap after
{Heap after GC invocations=106 (full 0):
 garbage-first heap   total 372736K, used 211824K [0x0000000080000000, 0x0000000100000000)
  region size 1024K, 8 young (8192K), 8 survivors (8192K)
 Metaspace       used 127961K, capacity 131250K, committed 131480K, reserved 1163264K
  class space    used 16042K, capacity 17289K, committed 17380K, reserved 1048576K
}
Event: 198.589 GC heap before
{Heap before GC invocations=106 (full 0):
 garbage-first heap   total 372736K, used 279408K [0x0000000080000000, 0x0000000100000000)
  region size 1024K, 75 young (76800K), 8 survivors (8192K)
 Metaspace       used 128018K, capacity 131251K, committed 131480K, reserved 1163264K
  class space    used 16048K, capacity 17289K, committed 17380K, reserved 1048576K
}
Event: 198.611 GC heap after
{Heap after GC invocations=107 (full 0):
 garbage-first heap   total 372736K, used 218025K [0x0000000080000000, 0x0000000100000000)
  region size 1024K, 8 young (8192K), 8 survivors (8192K)
 Metaspace       used 128018K, capacity 131251K, committed 131480K, reserved 1163264K
  class space    used 16048K, capacity 17289K, committed 17380K, reserved 1048576K
}
Event: 199.428 GC heap before
{Heap before GC invocations=107 (full 0):
 garbage-first heap   total 372736K, used 287657K [0x0000000080000000, 0x0000000100000000)
  region size 1024K, 76 young (77824K), 8 survivors (8192K)
 Metaspace       used 128052K, capacity 131328K, committed 131480K, reserved 1163264K
  class space    used 16049K, capacity 17292K, committed 17380K, reserved 1048576K
}

