# JRE version: OpenJDK Runtime Environment (11.0.10) (build 11.0.10+0-b96-7249189)
# Java VM: OpenJDK 64-Bit Server VM (11.0.10+0-b96-7249189, mixed mode, tiered, compressed oops, g1 gc, windows-amd64)
Heap:
 garbage-first heap   total 872448K, used 222720K [0x0000000080000000, 0x0000000100000000)
  region size 1024K, 3 young (3072K), 3 survivors (3072K)
 Metaspace       used 122889K, capacity 125636K, committed 125860K, reserved 1159168K
  class space    used 15273K, capacity 16320K, committed 16384K, reserved 1048576K
GC Heap History (20 events):
Event: 76.133 GC heap after
{Heap after GC invocations=68 (full 0):
 garbage-first heap   total 157696K, used 136607K [0x0000000080000000, 0x0000000100000000)
  region size 1024K, 1 young (1024K), 1 survivors (1024K)
 Metaspace       used 118603K, capacity 121410K, committed 121508K, reserved 1155072K
  class space    used 14739K, capacity 15777K, committed 15872K, reserved 1048576K
}
Event: 76.189 GC heap before
{Heap before GC invocations=68 (full 0):
 garbage-first heap   total 157696K, used 142751K [0x0000000080000000, 0x0000000100000000)
  region size 1024K, 7 young (7168K), 1 survivors (1024K)
 Metaspace       used 118610K, capacity 121419K, committed 121764K, reserved 1155072K
  class space    used 14739K, capacity 15777K, committed 15872K, reserved 1048576K
}
Event: 76.194 GC heap after
{Heap after GC invocations=69 (full 0):
 garbage-first heap   total 157696K, used 142336K [0x0000000080000000, 0x0000000100000000)
  region size 1024K, 1 young (1024K), 1 survivors (1024K)
 Metaspace       used 118610K, capacity 121419K, committed 121764K, reserved 1155072K
  class space    used 14739K, capacity 15777K, committed 15872K, reserved 1048576K
}
Event: 76.214 GC heap before
{Heap before GC invocations=69 (full 0):
 garbage-first heap   total 157696K, used 148480K [0x0000000080000000, 0x0000000100000000)
  region size 1024K, 7 young (7168K), 1 survivors (1024K)
 Metaspace       used 118610K, capacity 121419K, committed 121764K, reserved 1155072K
  class space    used 14739K, capacity 15777K, committed 15872K, reserved 1048576K
}
Event: 76.222 GC heap after
{Heap after GC invocations=70 (full 0):
 garbage-first heap   total 189440K, used 147231K [0x0000000080000000, 0x0000000100000000)
  region size 1024K, 1 young (1024K), 1 survivors (1024K)
 Metaspace       used 118610K, capacity 121419K, committed 121764K, reserved 1155072K
  class space    used 14739K, capacity 15777K, committed 15872K, reserved 1048576K
}
Event: 76.252 GC heap before
{Heap before GC invocations=70 (full 0):
 garbage-first heap   total 189440K, used 156447K [0x0000000080000000, 0x0000000100000000)
  region size 1024K, 10 young (10240K), 1 survivors (1024K)
 Metaspace       used 118610K, capacity 121419K, committed 121764K, reserved 1155072K
  class space    used 14739K, capacity 15777K, committed 15872K, reserved 1048576K
}
Event: 76.263 GC heap after
{Heap after GC invocations=71 (full 0):
 garbage-first heap   total 189440K, used 154295K [0x0000000080000000, 0x0000000100000000)
  region size 1024K, 2 young (2048K), 2 survivors (2048K)
 Metaspace       used 118610K, capacity 121419K, committed 121764K, reserved 1155072K
  class space    used 14739K, capacity 15777K, committed 15872K, reserved 1048576K
}
Event: 76.356 GC heap before
{Heap before GC invocations=72 (full 0):
 garbage-first heap   total 189440K, used 160439K [0x0000000080000000, 0x0000000100000000)
  region size 1024K, 9 young (9216K), 2 survivors (2048K)
 Metaspace       used 118981K, capacity 121786K, committed 122020K, reserved 1155072K
  class space    used 14778K, capacity 15813K, committed 15872K, reserved 1048576K
}
Event: 76.364 GC heap after
{Heap after GC invocations=73 (full 0):
 garbage-first heap   total 189440K, used 158492K [0x0000000080000000, 0x0000000100000000)
  region size 1024K, 2 young (2048K), 2 survivors (2048K)
 Metaspace       used 118981K, capacity 121786K, committed 122020K, reserved 1155072K
  class space    used 14778K, capacity 15813K, committed 15872K, reserved 1048576K
}
Event: 76.585 GC heap before
{Heap before GC invocations=73 (full 0):
 garbage-first heap   total 189440K, used 165660K [0x0000000080000000, 0x0000000100000000)
  region size 1024K, 9 young (9216K), 2 survivors (2048K)
 Metaspace       used 120148K, capacity 122941K, committed 123300K, reserved 1157120K
  class space    used 14974K, capacity 16006K, committed 16128K, reserved 1048576K
}
Event: 76.589 GC heap after
{Heap after GC invocations=74 (full 0):
 garbage-first heap   total 189440K, used 159367K [0x0000000080000000, 0x0000000100000000)
  region size 1024K, 1 young (1024K), 1 survivors (1024K)
 Metaspace       used 120148K, capacity 122941K, committed 123300K, reserved 1157120K
  class space    used 14974K, capacity 16006K, committed 16128K, reserved 1048576K
}
Event: 76.775 GC heap before
{Heap before GC invocations=74 (full 0):
 garbage-first heap   total 189440K, used 167559K [0x0000000080000000, 0x0000000100000000)
  region size 1024K, 9 young (9216K), 1 survivors (1024K)
 Metaspace       used 121738K, capacity 124528K, committed 124708K, reserved 1157120K
  class space    used 15192K, capacity 16212K, committed 16256K, reserved 1048576K
}
Event: 76.782 GC heap after
{Heap after GC invocations=75 (full 0):
 garbage-first heap   total 290816K, used 159844K [0x0000000080000000, 0x0000000100000000)
  region size 1024K, 1 young (1024K), 1 survivors (1024K)
 Metaspace       used 121738K, capacity 124528K, committed 124708K, reserved 1157120K
  class space    used 15192K, capacity 16212K, committed 16256K, reserved 1048576K
}
Event: 77.330 GC heap before
{Heap before GC invocations=76 (full 0):
 garbage-first heap   total 290816K, used 196708K [0x0000000080000000, 0x0000000100000000)
  region size 1024K, 36 young (36864K), 1 survivors (1024K)
 Metaspace       used 122711K, capacity 125506K, committed 125604K, reserved 1159168K
  class space    used 15272K, capacity 16320K, committed 16384K, reserved 1048576K
}
Event: 77.410 GC heap after
{Heap after GC invocations=77 (full 0):
 garbage-first heap   total 290816K, used 175586K [0x0000000080000000, 0x0000000100000000)
  region size 1024K, 5 young (5120K), 5 survivors (5120K)
 Metaspace       used 122711K, capacity 125506K, committed 125604K, reserved 1159168K
  class space    used 15272K, capacity 16320K, committed 16384K, reserved 1048576K
}
Event: 77.516 GC heap before
{Heap before GC invocations=77 (full 0):
 garbage-first heap   total 290816K, used 207330K [0x0000000080000000, 0x0000000100000000)
  region size 1024K, 36 young (36864K), 5 survivors (5120K)
 Metaspace       used 122771K, capacity 125570K, committed 125860K, reserved 1159168K
  class space    used 15272K, capacity 16320K, committed 16384K, reserved 1048576K
}
Event: 77.552 GC heap after
{Heap after GC invocations=78 (full 0):
 garbage-first heap   total 290816K, used 192375K [0x0000000080000000, 0x0000000100000000)
  region size 1024K, 5 young (5120K), 5 survivors (5120K)
 Metaspace       used 122771K, capacity 125570K, committed 125860K, reserved 1159168K
  class space    used 15272K, capacity 16320K, committed 16384K, reserved 1048576K
}
Event: 77.760 GC heap before
{Heap before GC invocations=78 (full 0):
 garbage-first heap   total 290816K, used 218999K [0x0000000080000000, 0x0000000100000000)
  region size 1024K, 31 young (31744K), 5 survivors (5120K)
 Metaspace       used 122808K, capacity 125570K, committed 125860K, reserved 1159168K
  class space    used 15272K, capacity 16320K, committed 16384K, reserved 1048576K
}
Event: 77.843 GC heap after
{Heap after GC invocations=79 (full 0):
 garbage-first heap   total 290816K, used 214528K [0x0000000080000000, 0x0000000100000000)
  region size 1024K, 4 young (4096K), 4 survivors (4096K)
 Metaspace       used 122808K, capacity 125570K, committed 125860K, reserved 1159168K
  class space    used 15272K, capacity 16320K, committed 16384K, reserved 1048576K
}
Event: 77.980 GC heap before
{Heap before GC invocations=79 (full 0):
 garbage-first heap   total 290816K, used 230912K [0x0000000080000000, 0x0000000100000000)
  region size 1024K, 20 young (20480K), 4 survivors (4096K)
 Metaspace       used 122889K, capacity 125636K, committed 125860K, reserved 1159168K
  class space    used 15273K, capacity 16320K, committed 16384K, reserved 1048576K
}

