# JRE version: OpenJDK Runtime Environment (11.0.10) (build 11.0.10+0-b96-7249189)
# Java VM: OpenJDK 64-Bit Server VM (11.0.10+0-b96-7249189, mixed mode, tiered, compressed oops, g1 gc, windows-amd64)
Heap:
 garbage-first heap   total 724992K, used 265728K [0x0000000080000000, 0x0000000100000000)
  region size 1024K, 4 young (4096K), 4 survivors (4096K)
 Metaspace       used 99127K, capacity 101491K, committed 101632K, reserved 1136640K
  class space    used 12926K, capacity 13792K, committed 13824K, reserved 1048576K
GC Heap History (20 events):
Event: 24.166 GC heap after
{Heap after GC invocations=30 (full 0):
 garbage-first heap   total 194560K, used 157301K [0x0000000080000000, 0x0000000100000000)
  region size 1024K, 2 young (2048K), 2 survivors (2048K)
 Metaspace       used 94794K, capacity 96994K, committed 97280K, reserved 1134592K
  class space    used 12173K, capacity 13003K, committed 13056K, reserved 1048576K
}
Event: 24.235 GC heap before
{Heap before GC invocations=30 (full 0):
 garbage-first heap   total 194560K, used 165493K [0x0000000080000000, 0x0000000100000000)
  region size 1024K, 11 young (11264K), 2 survivors (2048K)
 Metaspace       used 94848K, capacity 97058K, committed 97280K, reserved 1134592K
  class space    used 12178K, capacity 13003K, committed 13056K, reserved 1048576K
}
Event: 24.249 GC heap after
{Heap after GC invocations=31 (full 0):
 garbage-first heap   total 194560K, used 161556K [0x0000000080000000, 0x0000000100000000)
  region size 1024K, 2 young (2048K), 2 survivors (2048K)
 Metaspace       used 94848K, capacity 97058K, committed 97280K, reserved 1134592K
  class space    used 12178K, capacity 13003K, committed 13056K, reserved 1048576K
}
Event: 24.318 GC heap before
{Heap before GC invocations=31 (full 0):
 garbage-first heap   total 194560K, used 168724K [0x0000000080000000, 0x0000000100000000)
  region size 1024K, 9 young (9216K), 2 survivors (2048K)
 Metaspace       used 94850K, capacity 97058K, committed 97280K, reserved 1134592K
  class space    used 12178K, capacity 13003K, committed 13056K, reserved 1048576K
}
Event: 24.332 GC heap after
{Heap after GC invocations=32 (full 0):
 garbage-first heap   total 233472K, used 164776K [0x0000000080000000, 0x0000000100000000)
  region size 1024K, 2 young (2048K), 2 survivors (2048K)
 Metaspace       used 94850K, capacity 97058K, committed 97280K, reserved 1134592K
  class space    used 12178K, capacity 13003K, committed 13056K, reserved 1048576K
}
Event: 24.777 GC heap before
{Heap before GC invocations=33 (full 0):
 garbage-first heap   total 233472K, used 189352K [0x0000000080000000, 0x0000000100000000)
  region size 1024K, 22 young (22528K), 2 survivors (2048K)
 Metaspace       used 96772K, capacity 99034K, committed 99328K, reserved 1134592K
  class space    used 12631K, capacity 13456K, committed 13568K, reserved 1048576K
}
Event: 24.813 GC heap after
{Heap after GC invocations=34 (full 0):
 garbage-first heap   total 233472K, used 175709K [0x0000000080000000, 0x0000000100000000)
  region size 1024K, 3 young (3072K), 3 survivors (3072K)
 Metaspace       used 96772K, capacity 99034K, committed 99328K, reserved 1134592K
  class space    used 12631K, capacity 13456K, committed 13568K, reserved 1048576K
}
Event: 25.252 GC heap before
{Heap before GC invocations=34 (full 0):
 garbage-first heap   total 233472K, used 191069K [0x0000000080000000, 0x0000000100000000)
  region size 1024K, 19 young (19456K), 3 survivors (3072K)
 Metaspace       used 97161K, capacity 99413K, committed 99584K, reserved 1134592K
  class space    used 12657K, capacity 13491K, committed 13568K, reserved 1048576K
}
Event: 25.275 GC heap after
{Heap after GC invocations=35 (full 0):
 garbage-first heap   total 233472K, used 184233K [0x0000000080000000, 0x0000000100000000)
  region size 1024K, 3 young (3072K), 3 survivors (3072K)
 Metaspace       used 97161K, capacity 99413K, committed 99584K, reserved 1134592K
  class space    used 12657K, capacity 13491K, committed 13568K, reserved 1048576K
}
Event: 25.335 GC heap before
{Heap before GC invocations=35 (full 0):
 garbage-first heap   total 233472K, used 195497K [0x0000000080000000, 0x0000000100000000)
  region size 1024K, 15 young (15360K), 3 survivors (3072K)
 Metaspace       used 97178K, capacity 99414K, committed 99584K, reserved 1134592K
  class space    used 12657K, capacity 13491K, committed 13568K, reserved 1048576K
}
Event: 25.348 GC heap after
{Heap after GC invocations=36 (full 0):
 garbage-first heap   total 233472K, used 190821K [0x0000000080000000, 0x0000000100000000)
  region size 1024K, 2 young (2048K), 2 survivors (2048K)
 Metaspace       used 97178K, capacity 99414K, committed 99584K, reserved 1134592K
  class space    used 12657K, capacity 13491K, committed 13568K, reserved 1048576K
}
Event: 25.420 GC heap before
{Heap before GC invocations=36 (full 0):
 garbage-first heap   total 233472K, used 199013K [0x0000000080000000, 0x0000000100000000)
  region size 1024K, 11 young (11264K), 2 survivors (2048K)
 Metaspace       used 97184K, capacity 99414K, committed 99584K, reserved 1134592K
  class space    used 12657K, capacity 13491K, committed 13568K, reserved 1048576K
}
Event: 25.435 GC heap after
{Heap after GC invocations=37 (full 0):
 garbage-first heap   total 359424K, used 195937K [0x0000000080000000, 0x0000000100000000)
  region size 1024K, 2 young (2048K), 2 survivors (2048K)
 Metaspace       used 97184K, capacity 99414K, committed 99584K, reserved 1134592K
  class space    used 12657K, capacity 13491K, committed 13568K, reserved 1048576K
}
Event: 26.283 GC heap before
{Heap before GC invocations=38 (full 0):
 garbage-first heap   total 359424K, used 238945K [0x0000000080000000, 0x0000000100000000)
  region size 1024K, 47 young (48128K), 2 survivors (2048K)
 Metaspace       used 97260K, capacity 99481K, committed 99584K, reserved 1134592K
  class space    used 12660K, capacity 13491K, committed 13568K, reserved 1048576K
}
Event: 26.328 GC heap after
{Heap after GC invocations=39 (full 0):
 garbage-first heap   total 359424K, used 217088K [0x0000000080000000, 0x0000000100000000)
  region size 1024K, 6 young (6144K), 6 survivors (6144K)
 Metaspace       used 97260K, capacity 99481K, committed 99584K, reserved 1134592K
  class space    used 12660K, capacity 13491K, committed 13568K, reserved 1048576K
}
Event: 26.549 GC heap before
{Heap before GC invocations=39 (full 0):
 garbage-first heap   total 359424K, used 257024K [0x0000000080000000, 0x0000000100000000)
  region size 1024K, 46 young (47104K), 6 survivors (6144K)
 Metaspace       used 97291K, capacity 99545K, committed 99840K, reserved 1136640K
  class space    used 12662K, capacity 13491K, committed 13568K, reserved 1048576K
}
Event: 26.609 GC heap after
{Heap after GC invocations=40 (full 0):
 garbage-first heap   total 359424K, used 238592K [0x0000000080000000, 0x0000000100000000)
  region size 1024K, 6 young (6144K), 6 survivors (6144K)
 Metaspace       used 97291K, capacity 99545K, committed 99840K, reserved 1136640K
  class space    used 12662K, capacity 13491K, committed 13568K, reserved 1048576K
}
Event: 27.833 GC heap before
{Heap before GC invocations=41 (full 0):
 garbage-first heap   total 359424K, used 271360K [0x0000000080000000, 0x0000000100000000)
  region size 1024K, 39 young (39936K), 6 survivors (6144K)
 Metaspace       used 97282K, capacity 99528K, committed 99840K, reserved 1136640K
  class space    used 12659K, capacity 13484K, committed 13568K, reserved 1048576K
}
Event: 27.891 GC heap after
{Heap after GC invocations=42 (full 0):
 garbage-first heap   total 359424K, used 256512K [0x0000000080000000, 0x0000000100000000)
  region size 1024K, 5 young (5120K), 5 survivors (5120K)
 Metaspace       used 97282K, capacity 99528K, committed 99840K, reserved 1136640K
  class space    used 12659K, capacity 13484K, committed 13568K, reserved 1048576K
}
Event: 28.609 GC heap before
{Heap before GC invocations=42 (full 0):
 garbage-first heap   total 359424K, used 283136K [0x0000000080000000, 0x0000000100000000)
  region size 1024K, 32 young (32768K), 5 survivors (5120K)
 Metaspace       used 99127K, capacity 101491K, committed 101632K, reserved 1136640K
  class space    used 12926K, capacity 13792K, committed 13824K, reserved 1048576K
}

